#
# There is insufficient memory for the Java Runtime Environment to continue.
# Native memory allocation (malloc) failed to allocate 67696 bytes for Chunk::new
# Possible reasons:
#   The system is out of physical RAM or swap space
#   In 32 bit mode, the process size limit was hit
# Possible solutions:
#   Reduce memory load on the system
#   Increase physical memory or swap space
#   Check if swap backing store is full
#   Use 64 bit Java on a 64 bit OS
#   Decrease Java heap size (-Xmx/-Xms)
#   Decrease number of Java threads
#   Decrease Java thread stack sizes (-Xss)
#   Set larger code cache with -XX:ReservedCodeCacheSize=
# This output file may be truncated or incomplete.
#
#  Out of Memory Error (allocation.cpp:328), pid=6680, tid=1372
#
# JRE version: 7.0_04-b20
# Java VM: Java HotSpot(TM) 64-Bit Server VM (23.0-b21 mixed mode windows-amd64 compressed oops)
# Failed to write core dump. Minidumps are not enabled by default on client versions of Windows
#

---------------  T H R E A D  ---------------

Current thread (0x0000000008e55000):  JavaThread "C2 CompilerThread1" daemon [_thread_in_native, id=1372, stack(0x000000000a460000,0x000000000a560000)]

Stack: [0x000000000a460000,0x000000000a560000]

Current CompileTask:
C2:    752  110             java.util.ComparableTimSort::gallopRight (327 bytes)


---------------  P R O C E S S  ---------------

Java Threads: ( => current thread )
  0x0000000008e62800 JavaThread "Service Thread" daemon [_thread_blocked, id=4312, stack(0x000000000a930000,0x000000000aa30000)]
=>0x0000000008e55000 JavaThread "C2 CompilerThread1" daemon [_thread_in_native, id=1372, stack(0x000000000a460000,0x000000000a560000)]
  0x0000000008e40000 JavaThread "C2 CompilerThread0" daemon [_thread_blocked, id=1552, stack(0x000000000a710000,0x000000000a810000)]
  0x0000000008e3f000 JavaThread "Attach Listener" daemon [_thread_blocked, id=1116, stack(0x000000000a560000,0x000000000a660000)]
  0x0000000008e37800 JavaThread "Signal Dispatcher" daemon [_thread_blocked, id=5196, stack(0x000000000a340000,0x000000000a440000)]
  0x0000000001eaf000 JavaThread "Finalizer" daemon [_thread_blocked, id=5148, stack(0x000000000a1a0000,0x000000000a2a0000)]
  0x0000000001ea8000 JavaThread "Reference Handler" daemon [_thread_blocked, id=2472, stack(0x000000000a040000,0x000000000a140000)]
  0x0000000001def000 JavaThread "main" [_thread_in_vm, id=6448, stack(0x00000000025e0000,0x00000000026e0000)]

Other Threads:
  0x0000000008db3800 VMThread [stack: 0x0000000009ea0000,0x0000000009fa0000] [id=6636]
  0x0000000008e6b800 WatcherThread [stack: 0x000000000abb0000,0x000000000acb0000] [id=5192]

VM state:not at safepoint (normal execution)

VM Mutex/Monitor currently owned by a thread: None

Heap
 PSYoungGen      total 12800K, used 3702K [0x00000000eb160000, 0x00000000ecb60000, 0x0000000000000000)
  eden space 12288K, 30% used [0x00000000eb160000,0x00000000eb4fdbd8,0x00000000ebd60000)
  from space 512K, 0% used [0x00000000ebd60000,0x00000000ebd60000,0x00000000ebde0000)
  to   space 5184K, 0% used [0x00000000ec650000,0x00000000ec650000,0x00000000ecb60000)
 ParOldGen       total 20224K, used 6535K [0x00000000c1400000, 0x00000000c27c0000, 0x00000000eb160000)
  object space 20224K, 32% used [0x00000000c1400000,0x00000000c1a61d40,0x00000000c27c0000)
 PSPermGen       total 21248K, used 6590K [0x00000000bc200000, 0x00000000bd6c0000, 0x00000000c1400000)
  object space 21248K, 31% used [0x00000000bc200000,0x00000000bc86f958,0x00000000bd6c0000)

Code Cache  [0x00000000026e0000, 0x0000000002950000, 0x00000000056e0000)
 total_blobs=337 nmethods=113 adapters=175 free_code_cache=48488Kb largest_free_block=49629184

Compilation events (10 events):
Event: 0.686 Thread 0x0000000008e40000  107             java.util.ComparableTimSort::countRunAndMakeAscending (123 bytes)
Event: 0.694 Thread 0x0000000008e40000 nmethod 107 0x000000000277da50 code [0x000000000277dbe0, 0x000000000277e3f8]
Event: 0.694 Thread 0x0000000008e40000  108             java.util.ComparableTimSort::binarySort (223 bytes)
Event: 0.695 Thread 0x0000000008e55000 nmethod 104 0x0000000002788510 code [0x00000000027887c0, 0x0000000002789478]
Event: 0.696 Thread 0x0000000008e55000  109             java.lang.String::substring (83 bytes)
Event: 0.697 Thread 0x0000000008e55000 nmethod 109 0x000000000277a1d0 code [0x000000000277a320, 0x000000000277a458]
Event: 0.698 Thread 0x0000000008e55000  110             java.util.ComparableTimSort::gallopRight (327 bytes)
Event: 0.701 Thread 0x0000000008e40000 nmethod 108 0x000000000277ac90 code [0x000000000277ae00, 0x000000000277b6d8]
Event: 0.702 Thread 0x0000000008e40000  111             java.util.ComparableTimSort::binarySort (223 bytes)
Event: 0.709 Thread 0x0000000008e40000 nmethod 111 0x000000000278a690 code [0x000000000278a800, 0x000000000278b138]

GC Heap History (10 events):
Event: 0.256 GC heap before
{Heap before GC invocations=3 (full 0):
 PSYoungGen      total 6656K, used 6633K [0x00000000eb160000, 0x00000000eb860000, 0x0000000000000000)
  eden space 6144K, 100% used [0x00000000eb160000,0x00000000eb760000,0x00000000eb760000)
  from space 512K, 95% used [0x00000000eb7e0000,0x00000000eb85a4c0,0x00000000eb860000)
  to   space 512K, 0% used [0x00000000eb760000,0x00000000eb760000,0x00000000eb7e0000)
 ParOldGen       total 5504K, used 528K [0x00000000c1400000, 0x00000000c1960000, 0x00000000eb160000)
  object space 5504K, 9% used [0x00000000c1400000,0x00000000c1484020,0x00000000c1960000)
 PSPermGen       total 21248K, used 6024K [0x00000000bc200000, 0x00000000bd6c0000, 0x00000000c1400000)
  object space 21248K, 28% used [0x00000000bc200000,0x00000000bc7e2208,0x00000000bd6c0000)
Event: 0.258 GC heap after
Heap after GC invocations=3 (full 0):
 PSYoungGen      total 6656K, used 505K [0x00000000eb160000, 0x00000000ebe60000, 0x0000000000000000)
  eden space 6144K, 0% used [0x00000000eb160000,0x00000000eb160000,0x00000000eb760000)
  from space 512K, 98% used [0x00000000eb760000,0x00000000eb7de4b0,0x00000000eb7e0000)
  to   space 512K, 0% used [0x00000000ebde0000,0x00000000ebde0000,0x00000000ebe60000)
 ParOldGen       total 5504K, used 1431K [0x00000000c1400000, 0x00000000c1960000, 0x00000000eb160000)
  object space 5504K, 26% used [0x00000000c1400000,0x00000000c1565ea8,0x00000000c1960000)
 PSPermGen       total 21248K, used 6024K [0x00000000bc200000, 0x00000000bd6c0000, 0x00000000c1400000)
  object space 21248K, 28% used [0x00000000bc200000,0x00000000bc7e2208,0x00000000bd6c0000)
}
Event: 0.359 GC heap before
{Heap before GC invocations=4 (full 0):
 PSYoungGen      total 6656K, used 6644K [0x00000000eb160000, 0x00000000ebe60000, 0x0000000000000000)
  eden space 6144K, 99% used [0x00000000eb160000,0x00000000eb75edd0,0x00000000eb760000)
  from space 512K, 98% used [0x00000000eb760000,0x00000000eb7de4b0,0x00000000eb7e0000)
  to   space 512K, 0% used [0x00000000ebde0000,0x00000000ebde0000,0x00000000ebe60000)
 ParOldGen       total 5504K, used 1431K [0x00000000c1400000, 0x00000000c1960000, 0x00000000eb160000)
  object space 5504K, 26% used [0x00000000c1400000,0x00000000c1565ea8,0x00000000c1960000)
 PSPermGen       total 21248K, used 6040K [0x00000000bc200000, 0x00000000bd6c0000, 0x00000000c1400000)
  object space 21248K, 28% used [0x00000000bc200000,0x00000000bc7e63f8,0x00000000bd6c0000)
Event: 0.363 GC heap after
Heap after GC invocations=4 (full 0):
 PSYoungGen      total 12800K, used 498K [0x00000000eb160000, 0x00000000ebe60000, 0x0000000000000000)
  eden space 12288K, 0% used [0x00000000eb160000,0x00000000eb160000,0x00000000ebd60000)
  from space 512K, 97% used [0x00000000ebde0000,0x00000000ebe5c860,0x00000000ebe60000)
  to   space 512K, 0% used [0x00000000ebd60000,0x00000000ebd60000,0x00000000ebde0000)
 ParOldGen       total 5504K, used 3789K [0x00000000c1400000, 0x00000000c1960000, 0x00000000eb160000)
  object space 5504K, 68% used [0x00000000c1400000,0x00000000c17b3590,0x00000000c1960000)
 PSPermGen       total 21248K, used 6040K [0x00000000bc200000, 0x00000000bd6c0000, 0x00000000c1400000)
  object space 21248K, 28% used [0x00000000bc200000,0x00000000bc7e63f8,0x00000000bd6c0000)
}
Event: 0.363 GC heap before
{Heap before GC invocations=5 (full 1):
 PSYoungGen      total 12800K, used 498K [0x00000000eb160000, 0x00000000ebe60000, 0x0000000000000000)
  eden space 12288K, 0% used [0x00000000eb160000,0x00000000eb160000,0x00000000ebd60000)
  from space 512K, 97% used [0x00000000ebde0000,0x00000000ebe5c860,0x00000000ebe60000)
  to   space 512K, 0% used [0x00000000ebd60000,0x00000000ebd60000,0x00000000ebde0000)
 ParOldGen       total 5504K, used 3789K [0x00000000c1400000, 0x00000000c1960000, 0x00000000eb160000)
  object space 5504K, 68% used [0x00000000c1400000,0x00000000c17b3590,0x00000000c1960000)
 PSPermGen       total 21248K, used 6040K [0x00000000bc200000, 0x00000000bd6c0000, 0x00000000c1400000)
  object space 21248K, 28% used [0x00000000bc200000,0x00000000bc7e63f8,0x00000000bd6c0000)
Event: 0.383 GC heap after
Heap after GC invocations=5 (full 1):
 PSYoungGen      total 12800K, used 0K [0x00000000eb160000, 0x00000000ebe60000, 0x0000000000000000)
  eden space 12288K, 0% used [0x00000000eb160000,0x00000000eb160000,0x00000000ebd60000)
  from space 512K, 0% used [0x00000000ebde0000,0x00000000ebde0000,0x00000000ebe60000)
  to   space 512K, 0% used [0x00000000ebd60000,0x00000000ebd60000,0x00000000ebde0000)
 ParOldGen       total 11136K, used 3612K [0x00000000c1400000, 0x00000000c1ee0000, 0x00000000eb160000)
  object space 11136K, 32% used [0x00000000c1400000,0x00000000c1787278,0x00000000c1ee0000)
 PSPermGen       total 21248K, used 6035K [0x00000000bc200000, 0x00000000bd6c0000, 0x00000000c1400000)
  object space 21248K, 28% used [0x00000000bc200000,0x00000000bc7e4f98,0x00000000bd6c0000)
}
Event: 0.655 GC heap before
{Heap before GC invocations=6 (full 1):
 PSYoungGen      total 12800K, used 12288K [0x00000000eb160000, 0x00000000ebe60000, 0x0000000000000000)
  eden space 12288K, 100% used [0x00000000eb160000,0x00000000ebd60000,0x00000000ebd60000)
  from space 512K, 0% used [0x00000000ebde0000,0x00000000ebde0000,0x00000000ebe60000)
  to   space 512K, 0% used [0x00000000ebd60000,0x00000000ebd60000,0x00000000ebde0000)
 ParOldGen       total 11136K, used 3612K [0x00000000c1400000, 0x00000000c1ee0000, 0x00000000eb160000)
  object space 11136K, 32% used [0x00000000c1400000,0x00000000c1787278,0x00000000c1ee0000)
 PSPermGen       total 21248K, used 6539K [0x00000000bc200000, 0x00000000bd6c0000, 0x00000000c1400000)
  object space 21248K, 30% used [0x00000000bc200000,0x00000000bc862f28,0x00000000bd6c0000)
Event: 0.659 GC heap after
Heap after GC invocations=6 (full 1):
 PSYoungGen      total 12800K, used 497K [0x00000000eb160000, 0x00000000ecb60000, 0x0000000000000000)
  eden space 12288K, 0% used [0x00000000eb160000,0x00000000eb160000,0x00000000ebd60000)
  from space 512K, 97% used [0x00000000ebd60000,0x00000000ebddc7d8,0x00000000ebde0000)
  to   space 5184K, 0% used [0x00000000ec650000,0x00000000ec650000,0x00000000ecb60000)
 ParOldGen       total 11136K, used 8319K [0x00000000c1400000, 0x00000000c1ee0000, 0x00000000eb160000)
  object space 11136K, 74% used [0x00000000c1400000,0x00000000c1c1fe38,0x00000000c1ee0000)
 PSPermGen       total 21248K, used 6539K [0x00000000bc200000, 0x00000000bd6c0000, 0x00000000c1400000)
  object space 21248K, 30% used [0x00000000bc200000,0x00000000bc862f28,0x00000000bd6c0000)
}
Event: 0.659 GC heap before
{Heap before GC invocations=7 (full 2):
 PSYoungGen      total 12800K, used 497K [0x00000000eb160000, 0x00000000ecb60000, 0x0000000000000000)
  eden space 12288K, 0% used [0x00000000eb160000,0x00000000eb160000,0x00000000ebd60000)
  from space 512K, 97% used [0x00000000ebd60000,0x00000000ebddc7d8,0x00000000ebde0000)
  to   space 5184K, 0% used [0x00000000ec650000,0x00000000ec650000,0x00000000ecb60000)
 ParOldGen       total 11136K, used 8319K [0x00000000c1400000, 0x00000000c1ee0000, 0x00000000eb160000)
  object space 11136K, 74% used [0x00000000c1400000,0x00000000c1c1fe38,0x00000000c1ee0000)
 PSPermGen       total 21248K, used 6539K [0x00000000bc200000, 0x00000000bd6c0000, 0x00000000c1400000)
  object space 21248K, 30% used [0x00000000bc200000,0x00000000bc862f28,0x00000000bd6c0000)
Event: 0.686 GC heap after
Heap after GC invocations=7 (full 2):
 PSYoungGen      total 12800K, used 0K [0x00000000eb160000, 0x00000000ecb60000, 0x0000000000000000)
  eden space 12288K, 0% used [0x00000000eb160000,0x00000000eb160000,0x00000000ebd60000)
  from space 512K, 0% used [0x00000000ebd60000,0x00000000ebd60000,0x00000000ebde0000)
  to   space 5184K, 0% used [0x00000000ec650000,0x00000000ec650000,0x00000000ecb60000)
 ParOldGen       total 20224K, used 6535K [0x00000000c1400000, 0x00000000c27c0000, 0x00000000eb160000)
  object space 20224K, 32% used [0x00000000c1400000,0x00000000c1a61d40,0x00000000c27c0000)
 PSPermGen       total 21248K, used 6539K [0x00000000bc200000, 0x00000000bd6c0000, 0x00000000c1400000)
  object space 21248K, 30% used [0x00000000bc200000,0x00000000bc862ee8,0x00000000bd6c0000)
}

Deoptimization events (9 events):
Event: 0.184 Thread 0x0000000001def000 Uncommon trap -12 fr.pc 0x0000000002741608
Event: 0.286 Thread 0x0000000001def000 Uncommon trap -12 fr.pc 0x0000000002757e4c
Event: 0.647 Thread 0x0000000001def000 Uncommon trap -122 fr.pc 0x000000000277bf7c
Event: 0.687 Thread 0x0000000001def000 Uncommon trap -42 fr.pc 0x00000000027794b0
Event: 0.687 Thread 0x0000000001def000 Uncommon trap -42 fr.pc 0x00000000027794b0
Event: 0.687 Thread 0x0000000001def000 Uncommon trap -42 fr.pc 0x0000000002779568
Event: 0.687 Thread 0x0000000001def000 Uncommon trap -42 fr.pc 0x00000000027794b0
Event: 0.701 Thread 0x0000000001def000 Uncommon trap -42 fr.pc 0x000000000277b464
Event: 0.701 Thread 0x0000000001def000 Uncommon trap -42 fr.pc 0x000000000277b464

Internal exceptions (10 events):
Event: 0.520 Thread 0x0000000001def000 Threw 0x00000000eb6ea490 at C:\jdk7u2_64p\jdk7u4\hotspot\src\share\vm\prims\jvm.cpp:1166
Event: 0.520 Thread 0x0000000001def000 Threw 0x00000000eb6ecab0 at C:\jdk7u2_64p\jdk7u4\hotspot\src\share\vm\prims\jvm.cpp:1166
Event: 0.522 Thread 0x0000000001def000 Threw 0x00000000eb6f1710 at C:\jdk7u2_64p\jdk7u4\hotspot\src\share\vm\prims\jvm.cpp:1166
Event: 0.522 Thread 0x0000000001def000 Threw 0x00000000eb719c88 at C:\jdk7u2_64p\jdk7u4\hotspot\src\share\vm\prims\jvm.cpp:1166
Event: 0.523 Thread 0x0000000001def000 Threw 0x00000000eb71dd30 at C:\jdk7u2_64p\jdk7u4\hotspot\src\share\vm\prims\jvm.cpp:1166
Event: 0.646 Thread 0x0000000001def000 Threw 0x00000000ebb68390 at C:\jdk7u2_64p\jdk7u4\hotspot\src\share\vm\prims\jni.cpp:715
Event: 0.646 Thread 0x0000000001def000 Threw 0x00000000ebb68f78 at C:\jdk7u2_64p\jdk7u4\hotspot\src\share\vm\prims\jvm.cpp:1166
Event: 0.648 Thread 0x0000000001def000 Threw 0x00000000ebba9c40 at C:\jdk7u2_64p\jdk7u4\hotspot\src\share\vm\prims\jni.cpp:715
Event: 0.710 Thread 0x0000000001def000 Threw 0x00000000eb4c81e0 at C:\jdk7u2_64p\jdk7u4\hotspot\src\share\vm\prims\jni.cpp:741
Event: 0.710 Thread 0x0000000001def000 Threw 0x00000000eb4c8918 at C:\jdk7u2_64p\jdk7u4\hotspot\src\share\vm\prims\jvm.cpp:1166

Events (10 events):
Event: 0.687 Thread 0x0000000001def000 DEOPT PACKING pc=0x0000000002779568 sp=0x00000000026de640
Event: 0.687 Thread 0x0000000001def000 DEOPT UNPACKING pc=0x0000000002719164 sp=0x00000000026de608 mode 2
Event: 0.687 Thread 0x0000000001def000 DEOPT PACKING pc=0x00000000027794b0 sp=0x00000000026de640
Event: 0.687 Thread 0x0000000001def000 DEOPT UNPACKING pc=0x0000000002719164 sp=0x00000000026de608 mode 2
Event: 0.701 Thread 0x0000000001def000 DEOPT PACKING pc=0x000000000277b464 sp=0x00000000026de630
Event: 0.701 Thread 0x0000000001def000 DEOPT UNPACKING pc=0x0000000002719164 sp=0x00000000026de5f8 mode 2
Event: 0.701 Thread 0x0000000001def000 DEOPT PACKING pc=0x000000000277b464 sp=0x00000000026de630
Event: 0.701 Thread 0x0000000001def000 DEOPT UNPACKING pc=0x0000000002719164 sp=0x00000000026de5f8 mode 2
Event: 0.710 loading class 0x000000000ae7d790
Event: 0.710 loading class 0x000000000ae7d790 done


Dynamic libraries:
0x000000003f370000 - 0x000000003f377000 	C:\Program Files\Java\jdk1.7.0_04\bin\javac.exe
0x0000000076e70000 - 0x0000000077019000 	C:\Windows\SYSTEM32\ntdll.dll
0x0000000076bf0000 - 0x0000000076d0f000 	C:\Windows\system32\kernel32.dll
0x00000000fd420000 - 0x00000000fd48b000 	C:\Windows\system32\KERNELBASE.dll
0x000000005b350000 - 0x000000005b37b000 	C:\Program Files\Java\jdk1.7.0_04\bin\jli.dll
0x00000000fd7b0000 - 0x00000000fd88b000 	C:\Windows\system32\ADVAPI32.dll
0x00000000ff0e0000 - 0x00000000ff17f000 	C:\Windows\system32\msvcrt.dll
0x00000000ff060000 - 0x00000000ff07f000 	C:\Windows\SYSTEM32\sechost.dll
0x00000000febd0000 - 0x00000000fecfd000 	C:\Windows\system32\RPCRT4.dll
0x00000000fbc90000 - 0x00000000fbe84000 	C:\Windows\WinSxS\amd64_microsoft.windows.common-controls_6595b64144ccf1df_6.0.7601.17514_none_fa396087175ac9ac\COMCTL32.dll
0x00000000fed00000 - 0x00000000fed67000 	C:\Windows\system32\GDI32.dll
0x0000000076af0000 - 0x0000000076bea000 	C:\Windows\system32\USER32.dll
0x00000000fda90000 - 0x00000000fda9e000 	C:\Windows\system32\LPK.dll
0x00000000fd930000 - 0x00000000fd9f9000 	C:\Windows\system32\USP10.dll
0x00000000fda00000 - 0x00000000fda71000 	C:\Windows\system32\SHLWAPI.dll
0x0000000056520000 - 0x00000000565f1000 	C:\Program Files\Java\jdk1.7.0_04\bin\MSVCR100.dll
0x00000000feba0000 - 0x00000000febce000 	C:\Windows\system32\IMM32.DLL
0x00000000fd6a0000 - 0x00000000fd7a9000 	C:\Windows\system32\MSCTF.dll
0x000000005b230000 - 0x000000005b301000 	C:\Program Files\Java\jdk1.7.0_04\jre\bin\msvcr100.dll
0x000000005a4d0000 - 0x000000005abea000 	C:\Program Files\Java\jdk1.7.0_04\jre\bin\server\jvm.dll
0x00000000f61a0000 - 0x00000000f61a9000 	C:\Windows\system32\WSOCK32.dll
0x00000000fddc0000 - 0x00000000fde0d000 	C:\Windows\system32\WS2_32.dll
0x00000000fda80000 - 0x00000000fda88000 	C:\Windows\system32\NSI.dll
0x00000000f6720000 - 0x00000000f675b000 	C:\Windows\system32\WINMM.dll
0x0000000077030000 - 0x0000000077037000 	C:\Windows\system32\PSAPI.DLL
0x000000006a9b0000 - 0x000000006a9bf000 	C:\Program Files\Java\jdk1.7.0_04\jre\bin\verify.dll
0x000000006a020000 - 0x000000006a048000 	C:\Program Files\Java\jdk1.7.0_04\jre\bin\java.dll
0x000000006a060000 - 0x000000006a075000 	C:\Program Files\Java\jdk1.7.0_04\jre\bin\zip.dll

VM Arguments:
jvm_args: -Denv.class.path=;C:\Program Files\Java\jdk1.7.0_04\lib\tools.jar -Dapplication.home=C:\Program Files\Java\jdk1.7.0_04 -Xms8m 
java_command: com.sun.tools.javac.Main -classpath D:\gitHub\NDS\nds-client\target\classes;C:\Users\User\.m2\repository\org\jsoup\jsoup\1.6.3\jsoup-1.6.3.jar;C:\Users\User\.m2\repository\org\springframework\spring-context\3.1.2.RELEASE\spring-context-3.1.2.RELEASE.jar;C:\Users\User\.m2\repository\org\springframework\spring-aop\3.1.2.RELEASE\spring-aop-3.1.2.RELEASE.jar;C:\Users\User\.m2\repository\org\springframework\spring-beans\3.1.2.RELEASE\spring-beans-3.1.2.RELEASE.jar;C:\Users\User\.m2\repository\org\springframework\spring-core\3.1.2.RELEASE\spring-core-3.1.2.RELEASE.jar;C:\Users\User\.m2\repository\org\springframework\spring-expression\3.1.2.RELEASE\spring-expression-3.1.2.RELEASE.jar;C:\Users\User\.m2\repository\org\springframework\spring-asm\3.1.2.RELEASE\spring-asm-3.1.2.RELEASE.jar;C:\Users\User\.m2\repository\org\hibernate\hibernate-core\4.1.7.Final\hibernate-core-4.1.7.Final.jar;C:\Users\User\.m2\repository\antlr\antlr\2.7.7\antlr-2.7.7.jar;C:\Users\User\.m2\repository\org\jboss\logging\jboss-logging\3.1.0.GA\jboss-logging-3.1.0.GA.jar;C:\Users\User\.m2\repository\org\jboss\spec\javax\transaction\jboss-transaction-api_1.1_spec\1.0.0.Final\jboss-transaction-api_1.1_spec-1.0.0.Final.jar;C:\Users\User\.m2\repository\org\hibernate\javax\persistence\hibernate-jpa-2.0-api\1.0.1.Final\hibernate-jpa-2.0-api-1.0.1.Final.jar;C:\Users\User\.m2\repository\org\javassist\javassist\3.15.0-GA\javassist-3.15.0-GA.jar;C:\Users\User\.m2\repository\org\hibernate\common\hibernate-commons-annotations\4.0.1.Final\hibernate-commons-annotations-4.0.1.Final.jar;C:\Users\User\.m2\repository\javassist\javassist\3.12.1.GA\javassist-3.12.1.GA.jar;C:\Users\User\.m2\repository\org\springframework\spring-tx\3.1.2.RELEASE\spring-tx-3.1.2.RELEASE.jar;C:\Users\User\.m2\repository\aopalliance\aopalliance\1.0\aopalliance-1.0.jar;C:\Users\User\.m2\repository\org\springframework\spring-orm\3.1.2.RELEASE\spring-orm-3.1.2.RELEASE.jar;C:\Users\User\.m2\repository\org\springframework\spring-jdbc
Launcher Type: SUN_STANDARD

Environment Variables:
JAVA_HOME=C:\Program Files\Java\jdk1.7.0_04
CLASSPATH=;C:\Program Files\Java\jdk1.7.0_04\lib\tools.jar
PATH=C:\Program Files\Java\jdk1.7.0_04\bin;D:\Romulo\apache-maven-3.0.4\bin;C:\Program Files\MySQL\MySQL Server 5.5\bin;C:\Program Files (x86)\SSH Communications Security\SSH Secure Shell
USERNAME=User
OS=Windows_NT
PROCESSOR_IDENTIFIER=Intel64 Family 6 Model 42 Stepping 7, GenuineIntel



---------------  S Y S T E M  ---------------

OS: Windows 7 , 64 bit Build 7601 Service Pack 1

CPU:total 4 (2 cores per cpu, 2 threads per core) family 6 model 42 stepping 7, cmov, cx8, fxsr, mmx, sse, sse2, sse3, ssse3, sse4.1, sse4.2, popcnt, avx, ht, tsc, tscinvbit

Memory: 4k page, physical 4109744k(372804k free), swap 7179892k(5112k free)

vm_info: Java HotSpot(TM) 64-Bit Server VM (23.0-b21) for windows-amd64 JRE (1.7.0_04-b20), built on Apr 12 2012 02:28:20 by "java_re" with unknown MS VC++:1600

time: Tue Feb 05 18:33:21 2013
elapsed time: 0 seconds

