19:52:22,010 DEBUG NotaFiscalV310Test:51 - Schema: src/main/resources/xsd/v2.00/cancNFe_v2.00.xsd
19:52:22,173 DEBUG NotaFiscalV310Test:54 - Validando: C://opt/parametros_nds/notas/importacao/retCancNFe.xml
19:52:22,178 ERROR NotaFiscalV310Test:57 - Exception: /home/sergio/Projects/DGB/NDS/nfe/C:/opt/parametros_nds/notas/importacao/retCancNFe.xml (No such file or directory)
19:54:35,272 DEBUG NotaFiscalV310Test:50 - Schema: src/main/resources/xsd/v2.00/cancNFe_v2.00.xsd
19:54:35,434 DEBUG NotaFiscalV310Test:53 - Validando: /home/sergio/Dropbox/DGB/NDS/Modelagem/NF-e/Certificados/retCancNFe.xml
19:54:35,483 ERROR NotaFiscalV310Test:56 - Exception: cvc-elt.1: Cannot find the declaration of element 'CancNFe'.
19:56:52,371 DEBUG NotaFiscalV310Test:50 - Schema: src/main/resources/xsd/v2.00/cancNFe_v2.00.xsd
19:56:52,496 DEBUG NotaFiscalV310Test:53 - Validando: /home/sergio/Dropbox/DGB/NDS/Modelagem/NF-e/Certificados/retCancNFe.xml
19:56:52,520 ERROR NotaFiscalV310Test:56 - Exception: cvc-elt.1: Cannot find the declaration of element 'CancNFe'.
19:59:13,621 DEBUG NotaFiscalV310Test:50 - Schema: src/main/resources/xsd/v2.00/cancNFe_v2.00.xsd
19:59:13,740 DEBUG NotaFiscalV310Test:53 - Validando: /home/sergio/Dropbox/DGB/NDS/Modelagem/NF-e/Certificados/retCancNFe.xml
19:59:13,764 ERROR NotaFiscalV310Test:56 - Exception: cvc-elt.1: Cannot find the declaration of element 'retCancNFe'.
20:00:04,835 DEBUG NotaFiscalV310Test:50 - Schema: src/main/resources/xsd/v2.00/cancNFe_v2.00.xsd
20:00:04,958 DEBUG NotaFiscalV310Test:53 - Validando: /home/sergio/Dropbox/DGB/NDS/Modelagem/NF-e/Certificados/retCancNFe.xml
20:00:04,975 ERROR NotaFiscalV310Test:56 - Exception: cvc-complex-type.4: Attribute 'versao' must appear on element 'cancNFe'.
20:00:19,460 DEBUG NotaFiscalV310Test:50 - Schema: src/main/resources/xsd/v2.00/cancNFe_v2.00.xsd
20:00:19,557 DEBUG NotaFiscalV310Test:53 - Validando: /home/sergio/Dropbox/DGB/NDS/Modelagem/NF-e/Certificados/retCancNFe.xml
20:00:19,581 ERROR NotaFiscalV310Test:56 - Exception: cvc-complex-type.3.2.2: Attribute 'id' is not allowed to appear in element 'infCanc'.
20:00:33,458 DEBUG NotaFiscalV310Test:50 - Schema: src/main/resources/xsd/v2.00/cancNFe_v2.00.xsd
20:00:33,556 DEBUG NotaFiscalV310Test:53 - Validando: /home/sergio/Dropbox/DGB/NDS/Modelagem/NF-e/Certificados/retCancNFe.xml
20:00:33,580 ERROR NotaFiscalV310Test:56 - Exception: cvc-complex-type.4: Attribute 'Id' must appear on element 'infCanc'.
20:00:43,655 DEBUG NotaFiscalV310Test:50 - Schema: src/main/resources/xsd/v2.00/cancNFe_v2.00.xsd
20:00:43,777 DEBUG NotaFiscalV310Test:53 - Validando: /home/sergio/Dropbox/DGB/NDS/Modelagem/NF-e/Certificados/retCancNFe.xml
20:00:43,799 ERROR NotaFiscalV310Test:56 - Exception: cvc-pattern-valid: Value 'ID1UFAA1234567890' is not facet-valid with respect to pattern 'ID[0-9]{44}' for type '#AnonType_IdinfCancTCancNFe'.
20:01:35,837 DEBUG NotaFiscalV310Test:50 - Schema: src/main/resources/xsd/v2.00/cancNFe_v2.00.xsd
20:01:35,959 DEBUG NotaFiscalV310Test:53 - Validando: /home/sergio/Dropbox/DGB/NDS/Modelagem/NF-e/Certificados/retCancNFe.xml
20:01:35,986 ERROR NotaFiscalV310Test:56 - Exception: cvc-pattern-valid: Value 'ID1UFAA1234567890' is not facet-valid with respect to pattern 'ID[0-9]{44}' for type '#AnonType_IdinfCancTCancNFe'.
20:01:57,582 DEBUG NotaFiscalV310Test:50 - Schema: src/main/resources/xsd/v2.00/cancNFe_v2.00.xsd
20:01:57,711 DEBUG NotaFiscalV310Test:53 - Validando: /home/sergio/Dropbox/DGB/NDS/Modelagem/NF-e/Certificados/retCancNFe.xml
20:01:57,731 ERROR NotaFiscalV310Test:56 - Exception: cvc-pattern-valid: Value 'ID1UFAA1234567890' is not facet-valid with respect to pattern 'ID[0-9]{44}' for type '#AnonType_IdinfCancTCancNFe'.
20:02:23,231 DEBUG NotaFiscalV310Test:50 - Schema: src/main/resources/xsd/v2.00/cancNFe_v2.00.xsd
20:02:23,342 DEBUG NotaFiscalV310Test:53 - Validando: /home/sergio/Dropbox/DGB/NDS/Modelagem/NF-e/Certificados/retCancNFe.xml
20:02:23,364 ERROR NotaFiscalV310Test:56 - Exception: cvc-pattern-valid: Value '43060992665611012850550070000081711388781007' is not facet-valid with respect to pattern 'ID[0-9]{44}' for type '#AnonType_IdinfCancTCancNFe'.
20:03:26,785 DEBUG NotaFiscalV310Test:50 - Schema: src/main/resources/xsd/v2.00/cancNFe_v2.00.xsd
20:03:26,918 DEBUG NotaFiscalV310Test:53 - Validando: /home/sergio/Dropbox/DGB/NDS/Modelagem/NF-e/Certificados/retCancNFe.xml
20:03:26,949 ERROR NotaFiscalV310Test:56 - Exception: cvc-complex-type.2.4.a: Invalid content was found starting with element 'verAplic'. One of '{"http://www.portalfiscal.inf.br/nfe":xServ}' is expected.
20:04:02,804 DEBUG NotaFiscalV310Test:50 - Schema: src/main/resources/xsd/v2.00/cancNFe_v2.00.xsd
20:04:02,923 DEBUG NotaFiscalV310Test:53 - Validando: /home/sergio/Dropbox/DGB/NDS/Modelagem/NF-e/Certificados/retCancNFe.xml
20:04:02,954 ERROR NotaFiscalV310Test:56 - Exception: cvc-complex-type.2.4.a: Invalid content was found starting with element 'verAplic'. One of '{"http://www.portalfiscal.inf.br/nfe":xServ}' is expected.
20:04:39,480 DEBUG NotaFiscalV310Test:50 - Schema: src/main/resources/xsd/v2.00/cancNFe_v2.00.xsd
20:04:39,598 DEBUG NotaFiscalV310Test:53 - Validando: /home/sergio/Dropbox/DGB/NDS/Modelagem/NF-e/Certificados/retCancNFe.xml
20:04:39,625 ERROR NotaFiscalV310Test:56 - Exception: cvc-complex-type.2.4.a: Invalid content was found starting with element 'verAplic'. One of '{"http://www.portalfiscal.inf.br/nfe":chNFe}' is expected.
20:05:03,269 DEBUG NotaFiscalV310Test:50 - Schema: src/main/resources/xsd/v2.00/cancNFe_v2.00.xsd
20:05:03,397 DEBUG NotaFiscalV310Test:53 - Validando: /home/sergio/Dropbox/DGB/NDS/Modelagem/NF-e/Certificados/retCancNFe.xml
20:05:03,420 ERROR NotaFiscalV310Test:56 - Exception: cvc-pattern-valid: Value 'UFAAMMCNPJ123456789001SSS123456789XXXXXXXXXD' is not facet-valid with respect to pattern '[0-9]{44}' for type 'TChNFe'.
20:05:23,123 DEBUG NotaFiscalV310Test:50 - Schema: src/main/resources/xsd/v2.00/cancNFe_v2.00.xsd
20:05:23,242 DEBUG NotaFiscalV310Test:53 - Validando: /home/sergio/Dropbox/DGB/NDS/Modelagem/NF-e/Certificados/retCancNFe.xml
20:05:23,271 ERROR NotaFiscalV310Test:56 - Exception: cvc-complex-type.2.4.a: Invalid content was found starting with element 'verAplic'. One of '{"http://www.portalfiscal.inf.br/nfe":nProt}' is expected.
20:05:39,656 DEBUG NotaFiscalV310Test:50 - Schema: src/main/resources/xsd/v2.00/cancNFe_v2.00.xsd
20:05:39,776 DEBUG NotaFiscalV310Test:53 - Validando: /home/sergio/Dropbox/DGB/NDS/Modelagem/NF-e/Certificados/retCancNFe.xml
20:05:39,801 ERROR NotaFiscalV310Test:56 - Exception: cvc-pattern-valid: Value '1UFAA1234567890' is not facet-valid with respect to pattern '[0-9]{15}' for type 'TProt'.
20:05:56,423 DEBUG NotaFiscalV310Test:50 - Schema: src/main/resources/xsd/v2.00/cancNFe_v2.00.xsd
20:05:56,559 DEBUG NotaFiscalV310Test:53 - Validando: /home/sergio/Dropbox/DGB/NDS/Modelagem/NF-e/Certificados/retCancNFe.xml
20:05:56,591 ERROR NotaFiscalV310Test:56 - Exception: cvc-complex-type.2.4.a: Invalid content was found starting with element 'verAplic'. One of '{"http://www.portalfiscal.inf.br/nfe":xJust}' is expected.
20:06:24,440 DEBUG NotaFiscalV310Test:50 - Schema: src/main/resources/xsd/v2.00/cancNFe_v2.00.xsd
20:06:24,541 DEBUG NotaFiscalV310Test:53 - Validando: /home/sergio/Dropbox/DGB/NDS/Modelagem/NF-e/Certificados/retCancNFe.xml
20:06:24,562 ERROR NotaFiscalV310Test:56 - Exception: The element type "xJust" must be terminated by the matching end-tag "</xJust>".
20:06:34,740 DEBUG NotaFiscalV310Test:50 - Schema: src/main/resources/xsd/v2.00/cancNFe_v2.00.xsd
20:06:34,841 DEBUG NotaFiscalV310Test:53 - Validando: /home/sergio/Dropbox/DGB/NDS/Modelagem/NF-e/Certificados/retCancNFe.xml
20:06:34,870 ERROR NotaFiscalV310Test:56 - Exception: cvc-pattern-valid: Value '' is not facet-valid with respect to pattern '[!-ÿ]{1}[ -ÿ]{0,}[!-ÿ]{1}|[!-ÿ]{1}' for type 'TJust'.
20:07:53,829 DEBUG NotaFiscalV310Test:50 - Schema: src/main/resources/xsd/v2.00/cancNFe_v2.00.xsd
20:07:53,928 DEBUG NotaFiscalV310Test:53 - Validando: /home/sergio/Dropbox/DGB/NDS/Modelagem/NF-e/Certificados/retCancNFe.xml
20:07:53,952 ERROR NotaFiscalV310Test:56 - Exception: cvc-minLength-valid: Value 'Justificativa' with length = '13' is not facet-valid with respect to minLength '15' for type 'TJust'.
20:08:11,052 DEBUG NotaFiscalV310Test:50 - Schema: src/main/resources/xsd/v2.00/cancNFe_v2.00.xsd
20:08:11,180 DEBUG NotaFiscalV310Test:53 - Validando: /home/sergio/Dropbox/DGB/NDS/Modelagem/NF-e/Certificados/retCancNFe.xml
20:08:11,204 ERROR NotaFiscalV310Test:56 - Exception: cvc-complex-type.2.4.d: Invalid content was found starting with element 'verAplic'. No child element is expected at this point.
20:08:44,139 DEBUG NotaFiscalV310Test:50 - Schema: src/main/resources/xsd/v2.00/cancNFe_v2.00.xsd
20:08:44,261 DEBUG NotaFiscalV310Test:53 - Validando: /home/sergio/Dropbox/DGB/NDS/Modelagem/NF-e/Certificados/retCancNFe.xml
20:08:44,290 ERROR NotaFiscalV310Test:56 - Exception: cvc-complex-type.2.4.d: Invalid content was found starting with element 'cStat'. No child element is expected at this point.
20:08:59,568 DEBUG NotaFiscalV310Test:50 - Schema: src/main/resources/xsd/v2.00/cancNFe_v2.00.xsd
20:08:59,699 DEBUG NotaFiscalV310Test:53 - Validando: /home/sergio/Dropbox/DGB/NDS/Modelagem/NF-e/Certificados/retCancNFe.xml
20:08:59,722 ERROR NotaFiscalV310Test:56 - Exception: cvc-complex-type.2.4.d: Invalid content was found starting with element 'xMotivo'. No child element is expected at this point.
20:09:16,903 DEBUG NotaFiscalV310Test:50 - Schema: src/main/resources/xsd/v2.00/cancNFe_v2.00.xsd
20:09:17,025 DEBUG NotaFiscalV310Test:53 - Validando: /home/sergio/Dropbox/DGB/NDS/Modelagem/NF-e/Certificados/retCancNFe.xml
20:09:17,048 ERROR NotaFiscalV310Test:56 - Exception: cvc-complex-type.2.4.d: Invalid content was found starting with element 'cUF'. No child element is expected at this point.
20:09:31,553 DEBUG NotaFiscalV310Test:50 - Schema: src/main/resources/xsd/v2.00/cancNFe_v2.00.xsd
20:09:31,657 DEBUG NotaFiscalV310Test:53 - Validando: /home/sergio/Dropbox/DGB/NDS/Modelagem/NF-e/Certificados/retCancNFe.xml
20:09:31,680 ERROR NotaFiscalV310Test:56 - Exception: cvc-complex-type.2.4.d: Invalid content was found starting with element 'dhRecbto'. No child element is expected at this point.
20:09:48,752 DEBUG NotaFiscalV310Test:50 - Schema: src/main/resources/xsd/v2.00/cancNFe_v2.00.xsd
20:09:48,862 DEBUG NotaFiscalV310Test:53 - Validando: /home/sergio/Dropbox/DGB/NDS/Modelagem/NF-e/Certificados/retCancNFe.xml
20:09:48,891 ERROR NotaFiscalV310Test:56 - Exception: cvc-complex-type.2.4.b: The content of element 'cancNFe' is not complete. One of '{"http://www.w3.org/2000/09/xmldsig#":Signature}' is expected.
20:10:48,217 DEBUG NotaFiscalV310Test:50 - Schema: src/main/resources/xsd/v2.00/cancNFe_v2.00.xsd
20:10:48,358 DEBUG NotaFiscalV310Test:53 - Validando: /home/sergio/Dropbox/DGB/NDS/Modelagem/NF-e/Certificados/retCancNFe.xml
20:15:48,028 DEBUG NotaFiscalV310Test:50 - Schema: src/main/resources/xsd/v2.00/cancNFe_v2.00.xsd
20:15:48,148 DEBUG NotaFiscalV310Test:53 - Validando: /home/sergio/Dropbox/DGB/NDS/Modelagem/NF-e/Certificados/retCancNFe.xml
20:15:48,155 ERROR NotaFiscalV310Test:56 - Exception: /home/sergio/Dropbox/DGB/NDS/Modelagem/NF-e/Certificados/retCancNFe.xml (No such file or directory)
20:16:50,078 DEBUG NotaFiscalV310Test:50 - Schema: src/main/resources/xsd/v2.00/cancNFe_v2.00.xsd
20:16:50,184 DEBUG NotaFiscalV310Test:53 - Validando: /home/sergio/Dropbox/DGB/NDS/Modelagem/NF-e/Certificados/retornoCancNFe.xml
20:16:50,212 ERROR NotaFiscalV310Test:56 - Exception: cvc-elt.1: Cannot find the declaration of element 'retCancNFe'.
20:20:10,682 DEBUG NotaFiscalV310Test:50 - Schema: src/main/resources/xsd/v2.00/cancNFe_v2.00.xsd
20:20:10,814 DEBUG NotaFiscalV310Test:53 - Validando: /home/sergio/Dropbox/DGB/NDS/Modelagem/NF-e/Certificados/retornoCancNFe.xml
20:20:10,838 ERROR NotaFiscalV310Test:56 - Exception: cvc-elt.1: Cannot find the declaration of element 'retCancNFe'.
20:21:02,493 DEBUG NotaFiscalV310Test:50 - Schema: src/main/resources/xsd/v2.00/retCancNFe_v2.00.xsd
20:21:02,596 DEBUG NotaFiscalV310Test:53 - Validando: /home/sergio/Dropbox/DGB/NDS/Modelagem/NF-e/Certificados/retornoCancNFe.xml
20:22:08,421 DEBUG NotaFiscalV310Test:50 - Schema: src/main/resources/xsd/v2.00/cancNFe_v2.00.xsd
20:22:08,522 DEBUG NotaFiscalV310Test:53 - Validando: /home/sergio/Dropbox/DGB/NDS/Modelagem/NF-e/Certificados/solicitacaoCancNFe.xml
20:22:14,254 DEBUG NotaFiscalV310Test:69 - Schema: src/main/resources/xsd/v2.00/retCancNFe_v2.00.xsd
20:22:14,370 DEBUG NotaFiscalV310Test:72 - Validando: /home/sergio/Dropbox/DGB/NDS/Modelagem/NF-e/Certificados/retornoCancNFe.xml
20:33:43,635 DEBUG NotaFiscalV310Test:31 - Schema: src/main/resources/xsd/v2.00/nfe_v2.00.xsd
20:33:44,010 DEBUG NotaFiscalV310Test:34 - Validando: src/main/resources/xmlTestes/nfeassinada.xml
20:33:44,030 ERROR NotaFiscalV310Test:37 - Exception: cvc-pattern-valid: Value '5A' is not facet-valid with respect to pattern '0|[1-9]{1}[0-9]{0,2}' for type 'TSerie'.
20:34:20,016 DEBUG NotaFiscalV310Test:31 - Schema: src/main/resources/xsd/v2.00/nfe_v2.00.xsd
20:34:20,430 DEBUG NotaFiscalV310Test:34 - Validando: src/main/resources/xmlTestes/nfeassinada.xml
20:34:20,463 ERROR NotaFiscalV310Test:37 - Exception: cvc-complex-type.2.4.d: Invalid content was found starting with element 'telefone'. No child element is expected at this point.
20:34:48,416 DEBUG NotaFiscalV310Test:31 - Schema: src/main/resources/xsd/v2.00/nfe_v2.00.xsd
20:34:48,775 DEBUG NotaFiscalV310Test:34 - Validando: src/main/resources/xmlTestes/nfeassinada.xml
20:34:48,798 ERROR NotaFiscalV310Test:37 - Exception: cvc-pattern-valid: Value '0' is not facet-valid with respect to pattern '[0-9]{2,3}' for type '#AnonType_EXTIPIproddetinfNFeTNFe'.
20:35:23,639 DEBUG NotaFiscalV310Test:31 - Schema: src/main/resources/xsd/v2.00/nfe_v2.00.xsd
20:35:24,004 DEBUG NotaFiscalV310Test:34 - Validando: src/main/resources/xmlTestes/nfeassinada.xml
20:35:24,040 ERROR NotaFiscalV310Test:37 - Exception: cvc-pattern-valid: Value '0,00' is not facet-valid with respect to pattern '[0-9]{2,3}' for type '#AnonType_EXTIPIproddetinfNFeTNFe'.
20:35:36,868 DEBUG NotaFiscalV310Test:31 - Schema: src/main/resources/xsd/v2.00/nfe_v2.00.xsd
20:35:37,232 DEBUG NotaFiscalV310Test:34 - Validando: src/main/resources/xmlTestes/nfeassinada.xml
20:35:37,270 ERROR NotaFiscalV310Test:37 - Exception: cvc-pattern-valid: Value '0.00' is not facet-valid with respect to pattern '[0-9]{2,3}' for type '#AnonType_EXTIPIproddetinfNFeTNFe'.
20:35:47,880 DEBUG NotaFiscalV310Test:31 - Schema: src/main/resources/xsd/v2.00/nfe_v2.00.xsd
20:35:48,250 DEBUG NotaFiscalV310Test:34 - Validando: src/main/resources/xmlTestes/nfeassinada.xml
20:35:48,286 ERROR NotaFiscalV310Test:37 - Exception: cvc-pattern-valid: Value '00,000' is not facet-valid with respect to pattern '[0-9]{2,3}' for type '#AnonType_EXTIPIproddetinfNFeTNFe'.
20:36:25,115 DEBUG NotaFiscalV310Test:31 - Schema: src/main/resources/xsd/v2.00/nfe_v2.00.xsd
20:36:25,488 DEBUG NotaFiscalV310Test:34 - Validando: src/main/resources/xmlTestes/nfeassinada.xml
20:36:25,524 ERROR NotaFiscalV310Test:37 - Exception: cvc-complex-type.2.4.a: Invalid content was found starting with element 'CST'. One of '{"http://www.portalfiscal.inf.br/nfe":uCom}' is expected.
20:37:05,347 DEBUG NotaFiscalV310Test:31 - Schema: src/main/resources/xsd/v2.00/nfe_v2.00.xsd
20:37:05,721 DEBUG NotaFiscalV310Test:34 - Validando: src/main/resources/xmlTestes/nfeassinada.xml
20:37:05,757 ERROR NotaFiscalV310Test:37 - Exception: cvc-complex-type.2.4.a: Invalid content was found starting with element 'CST'. One of '{"http://www.portalfiscal.inf.br/nfe":uCom}' is expected.
20:38:03,092 DEBUG NotaFiscalV310Test:31 - Schema: src/main/resources/xsd/v2.00/nfe_v2.00.xsd
20:38:03,445 DEBUG NotaFiscalV310Test:34 - Validando: src/main/resources/xmlTestes/nfeassinada.xml
20:38:03,470 ERROR NotaFiscalV310Test:37 - Exception: cvc-pattern-valid: Value '0' is not facet-valid with respect to pattern '[0-9]{2,3}' for type '#AnonType_EXTIPIproddetinfNFeTNFe'.
20:38:06,280 DEBUG NotaFiscalV310Test:31 - Schema: src/main/resources/xsd/v2.00/nfe_v2.00.xsd
20:38:06,669 DEBUG NotaFiscalV310Test:34 - Validando: src/main/resources/xmlTestes/nfeassinada.xml
20:38:06,705 ERROR NotaFiscalV310Test:37 - Exception: cvc-pattern-valid: Value '0' is not facet-valid with respect to pattern '[0-9]{2,3}' for type '#AnonType_EXTIPIproddetinfNFeTNFe'.
20:38:17,091 DEBUG NotaFiscalV310Test:31 - Schema: src/main/resources/xsd/v2.00/nfe_v2.00.xsd
20:38:17,418 DEBUG NotaFiscalV310Test:34 - Validando: src/main/resources/xmlTestes/nfeassinada.xml
20:38:17,442 ERROR NotaFiscalV310Test:37 - Exception: cvc-pattern-valid: Value '7.6846' is not facet-valid with respect to pattern '0|0\.[0-9]{2}|[1-9]{1}[0-9]{0,12}(\.[0-9]{2})?' for type 'TDec_1302'.
20:38:35,364 DEBUG NotaFiscalV310Test:31 - Schema: src/main/resources/xsd/v2.00/nfe_v2.00.xsd
20:38:35,681 DEBUG NotaFiscalV310Test:34 - Validando: src/main/resources/xmlTestes/nfeassinada.xml
20:38:35,706 ERROR NotaFiscalV310Test:37 - Exception: cvc-complex-type.2.4.a: Invalid content was found starting with element 'valorAliquotaICMS'. One of '{"http://www.portalfiscal.inf.br/nfe":cEANTrib}' is expected.
20:38:49,571 DEBUG NotaFiscalV310Test:31 - Schema: src/main/resources/xsd/v2.00/nfe_v2.00.xsd
20:38:49,884 DEBUG NotaFiscalV310Test:34 - Validando: src/main/resources/xmlTestes/nfeassinada.xml
20:38:49,910 ERROR NotaFiscalV310Test:37 - Exception: cvc-complex-type.2.4.b: The content of element 'prod' is not complete. One of '{"http://www.portalfiscal.inf.br/nfe":cEANTrib}' is expected.
20:39:11,226 DEBUG NotaFiscalV310Test:31 - Schema: src/main/resources/xsd/v2.00/nfe_v2.00.xsd
20:39:11,540 DEBUG NotaFiscalV310Test:34 - Validando: src/main/resources/xmlTestes/nfeassinada.xml
20:39:11,566 ERROR NotaFiscalV310Test:37 - Exception: cvc-pattern-valid: Value '123' is not facet-valid with respect to pattern '[0-9]{0}|[0-9]{8}|[0-9]{12,14}' for type '#AnonType_cEANTribproddetinfNFeTNFe'.
20:39:20,482 DEBUG NotaFiscalV310Test:31 - Schema: src/main/resources/xsd/v2.00/nfe_v2.00.xsd
20:39:20,836 DEBUG NotaFiscalV310Test:34 - Validando: src/main/resources/xmlTestes/nfeassinada.xml
20:39:20,873 ERROR NotaFiscalV310Test:37 - Exception: cvc-complex-type.2.4.b: The content of element 'prod' is not complete. One of '{"http://www.portalfiscal.inf.br/nfe":uTrib}' is expected.
20:39:40,391 DEBUG NotaFiscalV310Test:31 - Schema: src/main/resources/xsd/v2.00/nfe_v2.00.xsd
20:39:40,751 DEBUG NotaFiscalV310Test:34 - Validando: src/main/resources/xmlTestes/nfeassinada.xml
20:39:40,775 ERROR NotaFiscalV310Test:37 - Exception: cvc-complex-type.2.4.b: The content of element 'prod' is not complete. One of '{"http://www.portalfiscal.inf.br/nfe":qTrib}' is expected.
20:39:56,815 DEBUG NotaFiscalV310Test:31 - Schema: src/main/resources/xsd/v2.00/nfe_v2.00.xsd
20:39:57,188 DEBUG NotaFiscalV310Test:34 - Validando: src/main/resources/xmlTestes/nfeassinada.xml
20:39:57,224 ERROR NotaFiscalV310Test:37 - Exception: cvc-complex-type.2.4.b: The content of element 'prod' is not complete. One of '{"http://www.portalfiscal.inf.br/nfe":vUnTrib}' is expected.
20:40:15,614 DEBUG NotaFiscalV310Test:31 - Schema: src/main/resources/xsd/v2.00/nfe_v2.00.xsd
20:40:15,939 DEBUG NotaFiscalV310Test:34 - Validando: src/main/resources/xmlTestes/nfeassinada.xml
20:40:15,964 ERROR NotaFiscalV310Test:37 - Exception: cvc-complex-type.2.4.b: The content of element 'prod' is not complete. One of '{"http://www.portalfiscal.inf.br/nfe":vFrete, "http://www.portalfiscal.inf.br/nfe":vSeg, "http://www.portalfiscal.inf.br/nfe":vDesc, "http://www.portalfiscal.inf.br/nfe":vOutro, "http://www.portalfiscal.inf.br/nfe":indTot}' is expected.
20:43:05,265 DEBUG NotaFiscalV310Test:31 - Schema: src/main/resources/xsd/v2.00/nfe_v2.00.xsd
20:43:05,592 DEBUG NotaFiscalV310Test:34 - Validando: src/main/resources/xmlTestes/nfeassinada.xml
20:43:05,617 ERROR NotaFiscalV310Test:37 - Exception: cvc-pattern-valid: Value '0.00' is not facet-valid with respect to pattern '0\.[0-9]{1}[1-9]{1}|0\.[1-9]{1}[0-9]{1}|[1-9]{1}[0-9]{0,12}(\.[0-9]{2})?' for type 'TDec_1302Opc'.
20:43:45,051 DEBUG NotaFiscalV310Test:31 - Schema: src/main/resources/xsd/v2.00/nfe_v2.00.xsd
20:43:45,404 DEBUG NotaFiscalV310Test:34 - Validando: src/main/resources/xmlTestes/nfeassinada.xml
20:43:45,429 ERROR NotaFiscalV310Test:37 - Exception: cvc-pattern-valid: Value '0.00' is not facet-valid with respect to pattern '0\.[0-9]{1}[1-9]{1}|0\.[1-9]{1}[0-9]{1}|[1-9]{1}[0-9]{0,12}(\.[0-9]{2})?' for type 'TDec_1302Opc'.
20:43:54,182 DEBUG NotaFiscalV310Test:31 - Schema: src/main/resources/xsd/v2.00/nfe_v2.00.xsd
20:43:54,535 DEBUG NotaFiscalV310Test:34 - Validando: src/main/resources/xmlTestes/nfeassinada.xml
20:43:54,560 ERROR NotaFiscalV310Test:37 - Exception: cvc-pattern-valid: Value '0.00' is not facet-valid with respect to pattern '0\.[0-9]{1}[1-9]{1}|0\.[1-9]{1}[0-9]{1}|[1-9]{1}[0-9]{0,12}(\.[0-9]{2})?' for type 'TDec_1302Opc'.
20:44:04,106 DEBUG NotaFiscalV310Test:31 - Schema: src/main/resources/xsd/v2.00/nfe_v2.00.xsd
20:44:04,497 DEBUG NotaFiscalV310Test:34 - Validando: src/main/resources/xmlTestes/nfeassinada.xml
20:44:04,534 ERROR NotaFiscalV310Test:37 - Exception: cvc-pattern-valid: Value '0.00' is not facet-valid with respect to pattern '0\.[0-9]{1}[1-9]{1}|0\.[1-9]{1}[0-9]{1}|[1-9]{1}[0-9]{0,12}(\.[0-9]{2})?' for type 'TDec_1302Opc'.
20:44:16,140 DEBUG NotaFiscalV310Test:31 - Schema: src/main/resources/xsd/v2.00/nfe_v2.00.xsd
20:44:16,509 DEBUG NotaFiscalV310Test:34 - Validando: src/main/resources/xmlTestes/nfeassinada.xml
20:44:16,547 ERROR NotaFiscalV310Test:37 - Exception: cvc-pattern-valid: Value '0.00' is not facet-valid with respect to pattern '0\.[0-9]{1}[1-9]{1}|0\.[1-9]{1}[0-9]{1}|[1-9]{1}[0-9]{0,12}(\.[0-9]{2})?' for type 'TDec_1302Opc'.
20:46:44,600 DEBUG NotaFiscalV310Test:31 - Schema: src/main/resources/xsd/v2.00/nfe_v2.00.xsd
20:46:44,946 DEBUG NotaFiscalV310Test:34 - Validando: src/main/resources/xmlTestes/nfeassinada.xml
20:46:44,971 ERROR NotaFiscalV310Test:37 - Exception: cvc-pattern-valid: Value '0.00' is not facet-valid with respect to pattern '0\.[0-9]{1}[1-9]{1}|0\.[1-9]{1}[0-9]{1}|[1-9]{1}[0-9]{0,12}(\.[0-9]{2})?' for type 'TDec_1302Opc'.
20:46:57,845 DEBUG NotaFiscalV310Test:31 - Schema: src/main/resources/xsd/v2.00/nfe_v2.00.xsd
20:46:58,193 DEBUG NotaFiscalV310Test:34 - Validando: src/main/resources/xmlTestes/nfeassinada.xml
20:46:58,223 ERROR NotaFiscalV310Test:37 - Exception: cvc-complex-type.2.4.b: The content of element 'prod' is not complete. One of '{"http://www.portalfiscal.inf.br/nfe":indTot}' is expected.
20:49:04,686 DEBUG NotaFiscalV310Test:31 - Schema: src/main/resources/xsd/v2.00/nfe_v2.00.xsd
20:49:05,031 DEBUG NotaFiscalV310Test:34 - Validando: src/main/resources/xmlTestes/nfeassinada.xml
20:49:05,057 ERROR NotaFiscalV310Test:37 - Exception: cvc-complex-type.2.4.b: The content of element 'prod' is not complete. One of '{"http://www.portalfiscal.inf.br/nfe":indTot}' is expected.
20:49:16,850 DEBUG NotaFiscalV310Test:31 - Schema: src/main/resources/xsd/v2.00/nfe_v2.00.xsd
20:49:17,223 DEBUG NotaFiscalV310Test:34 - Validando: src/main/resources/xmlTestes/nfeassinada.xml
20:49:17,289 ERROR NotaFiscalV310Test:37 - Exception: cvc-enumeration-valid: Value '' is not facet-valid with respect to enumeration '[0, 1]'. It must be a value from the enumeration.
20:49:25,672 DEBUG NotaFiscalV310Test:31 - Schema: src/main/resources/xsd/v2.00/nfe_v2.00.xsd
20:49:25,986 DEBUG NotaFiscalV310Test:34 - Validando: src/main/resources/xmlTestes/nfeassinada.xml
20:49:26,011 ERROR NotaFiscalV310Test:37 - Exception: cvc-complex-type.2.4.a: Invalid content was found starting with element 'impostos'. One of '{"http://www.portalfiscal.inf.br/nfe":imposto}' is expected.
20:49:53,617 DEBUG NotaFiscalV310Test:31 - Schema: src/main/resources/xsd/v2.00/nfe_v2.00.xsd
20:49:53,980 DEBUG NotaFiscalV310Test:34 - Validando: src/main/resources/xmlTestes/nfeassinada.xml
20:49:54,017 ERROR NotaFiscalV310Test:37 - Exception: cvc-complex-type.2.4.a: Invalid content was found starting with element 'ICMS41'. One of '{"http://www.portalfiscal.inf.br/nfe":ICMS, "http://www.portalfiscal.inf.br/nfe":ISSQN}' is expected.
20:50:23,585 DEBUG NotaFiscalV310Test:31 - Schema: src/main/resources/xsd/v2.00/nfe_v2.00.xsd
20:50:24,039 DEBUG NotaFiscalV310Test:34 - Validando: src/main/resources/xmlTestes/nfeassinada.xml
20:50:24,089 ERROR NotaFiscalV310Test:37 - Exception: cvc-complex-type.2.4.a: Invalid content was found starting with element 'ICMS41'. One of '{"http://www.portalfiscal.inf.br/nfe":ICMS00, "http://www.portalfiscal.inf.br/nfe":ICMS10, "http://www.portalfiscal.inf.br/nfe":ICMS20, "http://www.portalfiscal.inf.br/nfe":ICMS30, "http://www.portalfiscal.inf.br/nfe":ICMS40, "http://www.portalfiscal.inf.br/nfe":ICMS51, "http://www.portalfiscal.inf.br/nfe":ICMS60, "http://www.portalfiscal.inf.br/nfe":ICMS70, "http://www.portalfiscal.inf.br/nfe":ICMS90, "http://www.portalfiscal.inf.br/nfe":ICMSPart, "http://www.portalfiscal.inf.br/nfe":ICMSST, "http://www.portalfiscal.inf.br/nfe":ICMSSN101, "http://www.portalfiscal.inf.br/nfe":ICMSSN102, "http://www.portalfiscal.inf.br/nfe":ICMSSN201, "http://www.portalfiscal.inf.br/nfe":ICMSSN202, "http://www.portalfiscal.inf.br/nfe":ICMSSN500, "http://www.portalfiscal.inf.br/nfe":ICMSSN900}' is expected.
20:50:40,135 DEBUG NotaFiscalV310Test:31 - Schema: src/main/resources/xsd/v2.00/nfe_v2.00.xsd
20:50:40,500 DEBUG NotaFiscalV310Test:34 - Validando: src/main/resources/xmlTestes/nfeassinada.xml
20:50:40,537 ERROR NotaFiscalV310Test:37 - Exception: cvc-complex-type.2.4.a: Invalid content was found starting with element 'aliquota'. One of '{"http://www.portalfiscal.inf.br/nfe":orig}' is expected.
20:51:24,734 DEBUG NotaFiscalV310Test:31 - Schema: src/main/resources/xsd/v2.00/nfe_v2.00.xsd
20:51:25,082 DEBUG NotaFiscalV310Test:34 - Validando: src/main/resources/xmlTestes/nfeassinada.xml
20:51:25,107 ERROR NotaFiscalV310Test:37 - Exception: cvc-complex-type.2.4.a: Invalid content was found starting with element 'cst'. One of '{"http://www.portalfiscal.inf.br/nfe":CST}' is expected.
20:51:44,675 DEBUG NotaFiscalV310Test:31 - Schema: src/main/resources/xsd/v2.00/nfe_v2.00.xsd
20:51:45,062 DEBUG NotaFiscalV310Test:34 - Validando: src/main/resources/xmlTestes/nfeassinada.xml
20:51:45,087 ERROR NotaFiscalV310Test:37 - Exception: cvc-enumeration-valid: Value '041' is not facet-valid with respect to enumeration '[40, 41, 50]'. It must be a value from the enumeration.
20:51:55,606 DEBUG NotaFiscalV310Test:31 - Schema: src/main/resources/xsd/v2.00/nfe_v2.00.xsd
20:51:55,963 DEBUG NotaFiscalV310Test:34 - Validando: src/main/resources/xmlTestes/nfeassinada.xml
20:51:56,000 ERROR NotaFiscalV310Test:37 - Exception: cvc-complex-type.2.4.a: Invalid content was found starting with element 'valorBaseCalculo'. One of '{"http://www.portalfiscal.inf.br/nfe":vICMS}' is expected.
20:52:18,368 DEBUG NotaFiscalV310Test:31 - Schema: src/main/resources/xsd/v2.00/nfe_v2.00.xsd
20:52:18,688 DEBUG NotaFiscalV310Test:34 - Validando: src/main/resources/xmlTestes/nfeassinada.xml
20:52:18,713 ERROR NotaFiscalV310Test:37 - Exception: cvc-complex-type.2.4.b: The content of element 'ICMS40' is not complete. One of '{"http://www.portalfiscal.inf.br/nfe":motDesICMS}' is expected.
20:52:39,616 DEBUG NotaFiscalV310Test:31 - Schema: src/main/resources/xsd/v2.00/nfe_v2.00.xsd
20:52:39,974 DEBUG NotaFiscalV310Test:34 - Validando: src/main/resources/xmlTestes/nfeassinada.xml
20:52:39,999 ERROR NotaFiscalV310Test:37 - Exception: cvc-enumeration-valid: Value '' is not facet-valid with respect to enumeration '[1, 2, 3, 4, 5, 6, 7, 8, 9]'. It must be a value from the enumeration.
20:52:49,413 DEBUG NotaFiscalV310Test:31 - Schema: src/main/resources/xsd/v2.00/nfe_v2.00.xsd
20:52:49,746 DEBUG NotaFiscalV310Test:34 - Validando: src/main/resources/xmlTestes/nfeassinada.xml
20:52:49,772 ERROR NotaFiscalV310Test:37 - Exception: cvc-complex-type.2.4.a: Invalid content was found starting with element 'aliquota'. One of '{"http://www.portalfiscal.inf.br/nfe":clEnq, "http://www.portalfiscal.inf.br/nfe":CNPJProd, "http://www.portalfiscal.inf.br/nfe":cSelo, "http://www.portalfiscal.inf.br/nfe":qSelo, "http://www.portalfiscal.inf.br/nfe":cEnq}' is expected.
20:53:11,072 DEBUG NotaFiscalV310Test:31 - Schema: src/main/resources/xsd/v2.00/nfe_v2.00.xsd
20:53:11,451 DEBUG NotaFiscalV310Test:34 - Validando: src/main/resources/xmlTestes/nfeassinada.xml
20:53:11,488 ERROR NotaFiscalV310Test:37 - Exception: cvc-complex-type.2.4.a: Invalid content was found starting with element 'cst'. One of '{"http://www.portalfiscal.inf.br/nfe":clEnq, "http://www.portalfiscal.inf.br/nfe":CNPJProd, "http://www.portalfiscal.inf.br/nfe":cSelo, "http://www.portalfiscal.inf.br/nfe":qSelo, "http://www.portalfiscal.inf.br/nfe":cEnq}' is expected.
20:53:27,966 DEBUG NotaFiscalV310Test:31 - Schema: src/main/resources/xsd/v2.00/nfe_v2.00.xsd
20:53:28,414 DEBUG NotaFiscalV310Test:34 - Validando: src/main/resources/xmlTestes/nfeassinada.xml
20:53:28,453 ERROR NotaFiscalV310Test:37 - Exception: cvc-pattern-valid: Value '' is not facet-valid with respect to pattern '[!-ÿ]{1}[ -ÿ]{0,}[!-ÿ]{1}|[!-ÿ]{1}' for type '#AnonType_clEnqIPIimpostodetinfNFeTNFe'.
20:53:37,321 DEBUG NotaFiscalV310Test:31 - Schema: src/main/resources/xsd/v2.00/nfe_v2.00.xsd
20:53:37,681 DEBUG NotaFiscalV310Test:34 - Validando: src/main/resources/xmlTestes/nfeassinada.xml
20:53:37,709 ERROR NotaFiscalV310Test:37 - Exception: cvc-complex-type.2.4.a: Invalid content was found starting with element 'valorBaseCalculo'. One of '{"http://www.portalfiscal.inf.br/nfe":CNPJProd, "http://www.portalfiscal.inf.br/nfe":cSelo, "http://www.portalfiscal.inf.br/nfe":qSelo, "http://www.portalfiscal.inf.br/nfe":cEnq}' is expected.
20:54:00,583 DEBUG NotaFiscalV310Test:31 - Schema: src/main/resources/xsd/v2.00/nfe_v2.00.xsd
20:54:00,951 DEBUG NotaFiscalV310Test:34 - Validando: src/main/resources/xmlTestes/nfeassinada.xml
20:54:00,988 ERROR NotaFiscalV310Test:37 - Exception: cvc-pattern-valid: Value '' is not facet-valid with respect to pattern '[!-ÿ]{1}[ -ÿ]{0,}[!-ÿ]{1}|[!-ÿ]{1}' for type '#AnonType_cEnqIPIimpostodetinfNFeTNFe'.
20:54:13,432 DEBUG NotaFiscalV310Test:31 - Schema: src/main/resources/xsd/v2.00/nfe_v2.00.xsd
20:54:13,791 DEBUG NotaFiscalV310Test:34 - Validando: src/main/resources/xmlTestes/nfeassinada.xml
20:54:13,817 ERROR NotaFiscalV310Test:37 - Exception: cvc-complex-type.2.4.b: The content of element 'IPI' is not complete. One of '{"http://www.portalfiscal.inf.br/nfe":IPITrib, "http://www.portalfiscal.inf.br/nfe":IPINT}' is expected.
20:54:27,344 DEBUG NotaFiscalV310Test:31 - Schema: src/main/resources/xsd/v2.00/nfe_v2.00.xsd
20:54:27,661 DEBUG NotaFiscalV310Test:34 - Validando: src/main/resources/xmlTestes/nfeassinada.xml
20:54:27,687 ERROR NotaFiscalV310Test:37 - Exception: cvc-complex-type.2.4.b: The content of element 'IPITrib' is not complete. One of '{"http://www.portalfiscal.inf.br/nfe":CST}' is expected.
20:54:50,419 DEBUG NotaFiscalV310Test:31 - Schema: src/main/resources/xsd/v2.00/nfe_v2.00.xsd
20:54:50,779 DEBUG NotaFiscalV310Test:34 - Validando: src/main/resources/xmlTestes/nfeassinada.xml
20:54:50,817 ERROR NotaFiscalV310Test:37 - Exception: cvc-enumeration-valid: Value '041' is not facet-valid with respect to enumeration '[00, 49, 50, 99]'. It must be a value from the enumeration.
20:55:49,924 DEBUG NotaFiscalV310Test:31 - Schema: src/main/resources/xsd/v2.00/nfe_v2.00.xsd
20:55:50,280 DEBUG NotaFiscalV310Test:34 - Validando: src/main/resources/xmlTestes/nfeassinada.xml
20:55:50,306 ERROR NotaFiscalV310Test:37 - Exception: cvc-complex-type.2.4.b: The content of element 'IPITrib' is not complete. One of '{"http://www.portalfiscal.inf.br/nfe":vBC, "http://www.portalfiscal.inf.br/nfe":qUnid}' is expected.
20:56:12,961 DEBUG NotaFiscalV310Test:31 - Schema: src/main/resources/xsd/v2.00/nfe_v2.00.xsd
20:56:13,322 DEBUG NotaFiscalV310Test:34 - Validando: src/main/resources/xmlTestes/nfeassinada.xml
20:56:13,348 ERROR NotaFiscalV310Test:37 - Exception: cvc-complex-type.2.4.b: The content of element 'IPITrib' is not complete. One of '{"http://www.portalfiscal.inf.br/nfe":pIPI}' is expected.
20:56:23,290 DEBUG NotaFiscalV310Test:31 - Schema: src/main/resources/xsd/v2.00/nfe_v2.00.xsd
20:56:23,680 DEBUG NotaFiscalV310Test:34 - Validando: src/main/resources/xmlTestes/nfeassinada.xml
20:56:23,706 ERROR NotaFiscalV310Test:37 - Exception: cvc-pattern-valid: Value '' is not facet-valid with respect to pattern '0|0\.[0-9]{2}|[1-9]{1}[0-9]{0,2}(\.[0-9]{2})?' for type 'TDec_0302'.
20:56:32,900 DEBUG NotaFiscalV310Test:31 - Schema: src/main/resources/xsd/v2.00/nfe_v2.00.xsd
20:56:33,244 DEBUG NotaFiscalV310Test:34 - Validando: src/main/resources/xmlTestes/nfeassinada.xml
20:56:33,277 ERROR NotaFiscalV310Test:37 - Exception: cvc-complex-type.2.4.b: The content of element 'IPITrib' is not complete. One of '{"http://www.portalfiscal.inf.br/nfe":vIPI}' is expected.
20:56:45,164 DEBUG NotaFiscalV310Test:31 - Schema: src/main/resources/xsd/v2.00/nfe_v2.00.xsd
20:56:45,520 DEBUG NotaFiscalV310Test:34 - Validando: src/main/resources/xmlTestes/nfeassinada.xml
20:56:45,557 ERROR NotaFiscalV310Test:37 - Exception: cvc-complex-type.2.4.b: The content of element 'imposto' is not complete. One of '{"http://www.portalfiscal.inf.br/nfe":II, "http://www.portalfiscal.inf.br/nfe":PIS}' is expected.
20:57:06,356 DEBUG NotaFiscalV310Test:31 - Schema: src/main/resources/xsd/v2.00/nfe_v2.00.xsd
20:57:06,720 DEBUG NotaFiscalV310Test:34 - Validando: src/main/resources/xmlTestes/nfeassinada.xml
20:57:06,746 ERROR NotaFiscalV310Test:37 - Exception: cvc-complex-type.2.4.b: The content of element 'PIS' is not complete. One of '{"http://www.portalfiscal.inf.br/nfe":PISAliq, "http://www.portalfiscal.inf.br/nfe":PISQtde, "http://www.portalfiscal.inf.br/nfe":PISNT, "http://www.portalfiscal.inf.br/nfe":PISOutr}' is expected.
20:57:33,618 DEBUG NotaFiscalV310Test:31 - Schema: src/main/resources/xsd/v2.00/nfe_v2.00.xsd
20:57:33,931 DEBUG NotaFiscalV310Test:34 - Validando: src/main/resources/xmlTestes/nfeassinada.xml
20:57:33,960 ERROR NotaFiscalV310Test:37 - Exception: cvc-complex-type.2.4.a: Invalid content was found starting with element 'trans'. One of '{"http://www.portalfiscal.inf.br/nfe":det, "http://www.portalfiscal.inf.br/nfe":total}' is expected.
20:58:26,005 DEBUG NotaFiscalV310Test:31 - Schema: src/main/resources/xsd/v2.00/nfe_v2.00.xsd
20:58:26,441 DEBUG NotaFiscalV310Test:34 - Validando: src/main/resources/xmlTestes/nfeassinada.xml
20:58:26,484 ERROR NotaFiscalV310Test:37 - Exception: cvc-complex-type.2.4.a: Invalid content was found starting with element 'id'. One of '{"http://www.portalfiscal.inf.br/nfe":ICMSTot}' is expected.
20:58:33,605 DEBUG NotaFiscalV310Test:31 - Schema: src/main/resources/xsd/v2.00/nfe_v2.00.xsd
20:58:33,965 DEBUG NotaFiscalV310Test:34 - Validando: src/main/resources/xmlTestes/nfeassinada.xml
20:58:34,003 ERROR NotaFiscalV310Test:37 - Exception: cvc-complex-type.2.4.a: Invalid content was found starting with element 'valorBaseICMS'. One of '{"http://www.portalfiscal.inf.br/nfe":ICMSTot}' is expected.
20:59:10,276 DEBUG NotaFiscalV310Test:31 - Schema: src/main/resources/xsd/v2.00/nfe_v2.00.xsd
20:59:10,647 DEBUG NotaFiscalV310Test:34 - Validando: src/main/resources/xmlTestes/nfeassinada.xml
20:59:10,685 ERROR NotaFiscalV310Test:37 - Exception: cvc-complex-type.2.4.b: The content of element 'ICMSTot' is not complete. One of '{"http://www.portalfiscal.inf.br/nfe":vBC}' is expected.
20:59:31,705 DEBUG NotaFiscalV310Test:31 - Schema: src/main/resources/xsd/v2.00/nfe_v2.00.xsd
20:59:32,044 DEBUG NotaFiscalV310Test:34 - Validando: src/main/resources/xmlTestes/nfeassinada.xml
20:59:32,082 ERROR NotaFiscalV310Test:37 - Exception: cvc-pattern-valid: Value '7.6846' is not facet-valid with respect to pattern '0|0\.[0-9]{2}|[1-9]{1}[0-9]{0,12}(\.[0-9]{2})?' for type 'TDec_1302'.
20:59:42,988 DEBUG NotaFiscalV310Test:31 - Schema: src/main/resources/xsd/v2.00/nfe_v2.00.xsd
20:59:43,328 DEBUG NotaFiscalV310Test:34 - Validando: src/main/resources/xmlTestes/nfeassinada.xml
20:59:43,354 ERROR NotaFiscalV310Test:37 - Exception: cvc-complex-type.2.4.b: The content of element 'ICMSTot' is not complete. One of '{"http://www.portalfiscal.inf.br/nfe":vICMS}' is expected.
21:00:01,656 DEBUG NotaFiscalV310Test:31 - Schema: src/main/resources/xsd/v2.00/nfe_v2.00.xsd
21:00:02,019 DEBUG NotaFiscalV310Test:34 - Validando: src/main/resources/xmlTestes/nfeassinada.xml
21:00:02,058 ERROR NotaFiscalV310Test:37 - Exception: cvc-complex-type.2.4.b: The content of element 'ICMSTot' is not complete. One of '{"http://www.portalfiscal.inf.br/nfe":vBCST}' is expected.
21:00:14,332 DEBUG NotaFiscalV310Test:31 - Schema: src/main/resources/xsd/v2.00/nfe_v2.00.xsd
21:00:14,699 DEBUG NotaFiscalV310Test:34 - Validando: src/main/resources/xmlTestes/nfeassinada.xml
21:00:14,738 ERROR NotaFiscalV310Test:37 - Exception: cvc-complex-type.2.4.b: The content of element 'ICMSTot' is not complete. One of '{"http://www.portalfiscal.inf.br/nfe":vST}' is expected.
21:00:25,368 DEBUG NotaFiscalV310Test:31 - Schema: src/main/resources/xsd/v2.00/nfe_v2.00.xsd
21:00:25,817 DEBUG NotaFiscalV310Test:34 - Validando: src/main/resources/xmlTestes/nfeassinada.xml
21:00:25,842 ERROR NotaFiscalV310Test:37 - Exception: cvc-pattern-valid: Value '' is not facet-valid with respect to pattern '0|0\.[0-9]{2}|[1-9]{1}[0-9]{0,12}(\.[0-9]{2})?' for type 'TDec_1302'.
21:00:34,062 DEBUG NotaFiscalV310Test:31 - Schema: src/main/resources/xsd/v2.00/nfe_v2.00.xsd
21:00:34,470 DEBUG NotaFiscalV310Test:34 - Validando: src/main/resources/xmlTestes/nfeassinada.xml
21:00:34,509 ERROR NotaFiscalV310Test:37 - Exception: cvc-complex-type.2.4.b: The content of element 'ICMSTot' is not complete. One of '{"http://www.portalfiscal.inf.br/nfe":vProd}' is expected.
21:00:56,067 DEBUG NotaFiscalV310Test:31 - Schema: src/main/resources/xsd/v2.00/nfe_v2.00.xsd
21:00:56,406 DEBUG NotaFiscalV310Test:34 - Validando: src/main/resources/xmlTestes/nfeassinada.xml
21:00:56,432 ERROR NotaFiscalV310Test:37 - Exception: cvc-complex-type.2.4.b: The content of element 'ICMSTot' is not complete. One of '{"http://www.portalfiscal.inf.br/nfe":vFrete}' is expected.
21:01:11,607 DEBUG NotaFiscalV310Test:31 - Schema: src/main/resources/xsd/v2.00/nfe_v2.00.xsd
21:01:11,986 DEBUG NotaFiscalV310Test:34 - Validando: src/main/resources/xmlTestes/nfeassinada.xml
21:01:12,025 ERROR NotaFiscalV310Test:37 - Exception: cvc-complex-type.2.4.b: The content of element 'ICMSTot' is not complete. One of '{"http://www.portalfiscal.inf.br/nfe":vSeg}' is expected.
21:01:31,625 DEBUG NotaFiscalV310Test:31 - Schema: src/main/resources/xsd/v2.00/nfe_v2.00.xsd
21:01:32,000 DEBUG NotaFiscalV310Test:34 - Validando: src/main/resources/xmlTestes/nfeassinada.xml
21:01:32,038 ERROR NotaFiscalV310Test:37 - Exception: cvc-complex-type.2.4.b: The content of element 'ICMSTot' is not complete. One of '{"http://www.portalfiscal.inf.br/nfe":vDesc}' is expected.
21:01:43,350 DEBUG NotaFiscalV310Test:31 - Schema: src/main/resources/xsd/v2.00/nfe_v2.00.xsd
21:01:43,720 DEBUG NotaFiscalV310Test:34 - Validando: src/main/resources/xmlTestes/nfeassinada.xml
21:01:43,759 ERROR NotaFiscalV310Test:37 - Exception: cvc-complex-type.2.4.b: The content of element 'ICMSTot' is not complete. One of '{"http://www.portalfiscal.inf.br/nfe":vII}' is expected.
21:01:59,070 DEBUG NotaFiscalV310Test:31 - Schema: src/main/resources/xsd/v2.00/nfe_v2.00.xsd
21:01:59,442 DEBUG NotaFiscalV310Test:34 - Validando: src/main/resources/xmlTestes/nfeassinada.xml
21:01:59,481 ERROR NotaFiscalV310Test:37 - Exception: cvc-complex-type.2.4.b: The content of element 'ICMSTot' is not complete. One of '{"http://www.portalfiscal.inf.br/nfe":vIPI}' is expected.
21:02:10,257 DEBUG NotaFiscalV310Test:31 - Schema: src/main/resources/xsd/v2.00/nfe_v2.00.xsd
21:02:10,622 DEBUG NotaFiscalV310Test:34 - Validando: src/main/resources/xmlTestes/nfeassinada.xml
21:02:10,647 ERROR NotaFiscalV310Test:37 - Exception: cvc-pattern-valid: Value '' is not facet-valid with respect to pattern '0|0\.[0-9]{2}|[1-9]{1}[0-9]{0,12}(\.[0-9]{2})?' for type 'TDec_1302'.
21:02:16,492 DEBUG NotaFiscalV310Test:31 - Schema: src/main/resources/xsd/v2.00/nfe_v2.00.xsd
21:02:16,851 DEBUG NotaFiscalV310Test:34 - Validando: src/main/resources/xmlTestes/nfeassinada.xml
21:02:16,878 ERROR NotaFiscalV310Test:37 - Exception: cvc-complex-type.2.4.b: The content of element 'ICMSTot' is not complete. One of '{"http://www.portalfiscal.inf.br/nfe":vPIS}' is expected.
21:02:27,598 DEBUG NotaFiscalV310Test:31 - Schema: src/main/resources/xsd/v2.00/nfe_v2.00.xsd
21:02:27,914 DEBUG NotaFiscalV310Test:34 - Validando: src/main/resources/xmlTestes/nfeassinada.xml
21:02:27,941 ERROR NotaFiscalV310Test:37 - Exception: cvc-complex-type.2.4.b: The content of element 'ICMSTot' is not complete. One of '{"http://www.portalfiscal.inf.br/nfe":vCOFINS}' is expected.
21:02:39,072 DEBUG NotaFiscalV310Test:31 - Schema: src/main/resources/xsd/v2.00/nfe_v2.00.xsd
21:02:39,418 DEBUG NotaFiscalV310Test:34 - Validando: src/main/resources/xmlTestes/nfeassinada.xml
21:02:39,456 ERROR NotaFiscalV310Test:37 - Exception: cvc-complex-type.2.4.b: The content of element 'ICMSTot' is not complete. One of '{"http://www.portalfiscal.inf.br/nfe":vOutro}' is expected.
21:02:50,654 DEBUG NotaFiscalV310Test:31 - Schema: src/main/resources/xsd/v2.00/nfe_v2.00.xsd
21:02:51,002 DEBUG NotaFiscalV310Test:34 - Validando: src/main/resources/xmlTestes/nfeassinada.xml
21:02:51,030 ERROR NotaFiscalV310Test:37 - Exception: cvc-complex-type.2.4.b: The content of element 'ICMSTot' is not complete. One of '{"http://www.portalfiscal.inf.br/nfe":vNF}' is expected.
21:03:05,019 DEBUG NotaFiscalV310Test:31 - Schema: src/main/resources/xsd/v2.00/nfe_v2.00.xsd
21:03:05,341 DEBUG NotaFiscalV310Test:34 - Validando: src/main/resources/xmlTestes/nfeassinada.xml
21:03:05,369 ERROR NotaFiscalV310Test:37 - Exception: cvc-complex-type.2.4.a: Invalid content was found starting with element 'valorBaseICMSSubstituto'. One of '{"http://www.portalfiscal.inf.br/nfe":ISSQNtot, "http://www.portalfiscal.inf.br/nfe":retTrib}' is expected.
21:03:29,884 DEBUG NotaFiscalV310Test:31 - Schema: src/main/resources/xsd/v2.00/nfe_v2.00.xsd
21:03:30,203 DEBUG NotaFiscalV310Test:34 - Validando: src/main/resources/xmlTestes/nfeassinada.xml
21:03:30,232 ERROR NotaFiscalV310Test:37 - Exception: cvc-pattern-valid: Value '7.6846' is not facet-valid with respect to pattern '0|0\.[0-9]{2}|[1-9]{1}[0-9]{0,12}(\.[0-9]{2})?' for type 'TDec_1302'.
21:03:36,551 DEBUG NotaFiscalV310Test:31 - Schema: src/main/resources/xsd/v2.00/nfe_v2.00.xsd
21:03:36,900 DEBUG NotaFiscalV310Test:34 - Validando: src/main/resources/xmlTestes/nfeassinada.xml
21:03:36,939 ERROR NotaFiscalV310Test:37 - Exception: cvc-complex-type.2.4.a: Invalid content was found starting with element 'valorICMSSubstituto'. One of '{"http://www.portalfiscal.inf.br/nfe":ISSQNtot, "http://www.portalfiscal.inf.br/nfe":retTrib}' is expected.
21:03:45,932 DEBUG NotaFiscalV310Test:31 - Schema: src/main/resources/xsd/v2.00/nfe_v2.00.xsd
21:03:46,257 DEBUG NotaFiscalV310Test:34 - Validando: src/main/resources/xmlTestes/nfeassinada.xml
21:03:46,299 ERROR NotaFiscalV310Test:37 - Exception: cvc-complex-type.2.4.a: Invalid content was found starting with element 'valorProdutos'. One of '{"http://www.portalfiscal.inf.br/nfe":ISSQNtot, "http://www.portalfiscal.inf.br/nfe":retTrib}' is expected.
21:04:01,098 DEBUG NotaFiscalV310Test:31 - Schema: src/main/resources/xsd/v2.00/nfe_v2.00.xsd
21:04:01,420 DEBUG NotaFiscalV310Test:34 - Validando: src/main/resources/xmlTestes/nfeassinada.xml
21:04:01,446 ERROR NotaFiscalV310Test:37 - Exception: The string "--" is not permitted within comments.
21:04:21,549 DEBUG NotaFiscalV310Test:31 - Schema: src/main/resources/xsd/v2.00/nfe_v2.00.xsd
21:04:21,901 DEBUG NotaFiscalV310Test:34 - Validando: src/main/resources/xmlTestes/nfeassinada.xml
21:04:21,928 ERROR NotaFiscalV310Test:37 - Exception: cvc-complex-type.2.4.a: Invalid content was found starting with element 'trans'. One of '{"http://www.portalfiscal.inf.br/nfe":transp}' is expected.
21:04:36,847 DEBUG NotaFiscalV310Test:31 - Schema: src/main/resources/xsd/v2.00/nfe_v2.00.xsd
21:04:37,164 DEBUG NotaFiscalV310Test:34 - Validando: src/main/resources/xmlTestes/nfeassinada.xml
21:04:37,191 ERROR NotaFiscalV310Test:37 - Exception: cvc-complex-type.2.4.a: Invalid content was found starting with element 'trans'. One of '{"http://www.portalfiscal.inf.br/nfe":transp}' is expected.
21:04:58,729 DEBUG NotaFiscalV310Test:31 - Schema: src/main/resources/xsd/v2.00/nfe_v2.00.xsd
21:04:59,059 DEBUG NotaFiscalV310Test:34 - Validando: src/main/resources/xmlTestes/nfeassinada.xml
21:04:59,097 ERROR NotaFiscalV310Test:37 - Exception: cvc-complex-type.2.4.a: Invalid content was found starting with element 'mdFrente'. One of '{"http://www.portalfiscal.inf.br/nfe":modFrete}' is expected.
21:05:11,537 DEBUG NotaFiscalV310Test:31 - Schema: src/main/resources/xsd/v2.00/nfe_v2.00.xsd
21:05:11,882 DEBUG NotaFiscalV310Test:34 - Validando: src/main/resources/xmlTestes/nfeassinada.xml
21:05:11,921 ERROR NotaFiscalV310Test:37 - Exception: cvc-complex-type.2.4.a: Invalid content was found starting with element 'endereco'. One of '{"http://www.portalfiscal.inf.br/nfe":transporta, "http://www.portalfiscal.inf.br/nfe":retTransp, "http://www.portalfiscal.inf.br/nfe":veicTransp, "http://www.portalfiscal.inf.br/nfe":reboque, "http://www.portalfiscal.inf.br/nfe":vagao, "http://www.portalfiscal.inf.br/nfe":balsa, "http://www.portalfiscal.inf.br/nfe":vol}' is expected.
21:05:38,105 DEBUG NotaFiscalV310Test:31 - Schema: src/main/resources/xsd/v2.00/nfe_v2.00.xsd
21:05:38,476 DEBUG NotaFiscalV310Test:34 - Validando: src/main/resources/xmlTestes/nfeassinada.xml
21:05:38,515 ERROR NotaFiscalV310Test:37 - Exception: cvc-complex-type.2.4.a: Invalid content was found starting with element 'endereco'. One of '{"http://www.portalfiscal.inf.br/nfe":retTransp, "http://www.portalfiscal.inf.br/nfe":veicTransp, "http://www.portalfiscal.inf.br/nfe":reboque, "http://www.portalfiscal.inf.br/nfe":vagao, "http://www.portalfiscal.inf.br/nfe":balsa, "http://www.portalfiscal.inf.br/nfe":vol}' is expected.
21:05:48,214 DEBUG NotaFiscalV310Test:31 - Schema: src/main/resources/xsd/v2.00/nfe_v2.00.xsd
21:05:48,572 DEBUG NotaFiscalV310Test:34 - Validando: src/main/resources/xmlTestes/nfeassinada.xml
21:05:48,612 ERROR NotaFiscalV310Test:37 - Exception: cvc-complex-type.2.4.a: Invalid content was found starting with element 'informacoesAdicionais'. One of '{"http://www.portalfiscal.inf.br/nfe":cobr, "http://www.portalfiscal.inf.br/nfe":infAdic, "http://www.portalfiscal.inf.br/nfe":exporta, "http://www.portalfiscal.inf.br/nfe":compra, "http://www.portalfiscal.inf.br/nfe":cana}' is expected.
21:06:10,598 DEBUG NotaFiscalV310Test:31 - Schema: src/main/resources/xsd/v2.00/nfe_v2.00.xsd
21:06:10,960 DEBUG NotaFiscalV310Test:34 - Validando: src/main/resources/xmlTestes/nfeassinada.xml
21:06:10,987 ERROR NotaFiscalV310Test:37 - Exception: cvc-complex-type.2.4.b: The content of element 'NFe' is not complete. One of '{"http://www.w3.org/2000/09/xmldsig#":Signature}' is expected.
21:07:23,492 DEBUG NotaFiscalV310Test:31 - Schema: src/main/resources/xsd/v2.00/nfe_v2.00.xsd
21:07:23,873 DEBUG NotaFiscalV310Test:34 - Validando: src/main/resources/xmlTestes/nfeassinada.xml
22:12:07,115 DEBUG NotaFiscalV200Test:50 - Schema: src/main/resources/xsd/v2.00/cancNFe_v2.00.xsd
22:12:07,329 DEBUG NotaFiscalV200Test:53 - Validando: src/main/resources/xmlTestes/solicitacaoCancNFe.xml
22:12:56,037 DEBUG NotaFiscalV200Test:69 - Schema: src/main/resources/xsd/v2.00/retCancNFe_v2.00.xsd
22:12:56,212 DEBUG NotaFiscalV200Test:72 - Validando: src/main/resources/xmlTestes/retornoCancNFe.xml
22:13:09,163 DEBUG NotaFiscalV200Test:69 - Schema: src/main/resources/xsd/v2.00/retCancNFe_v2.00.xsd
22:13:12,158 DEBUG NotaFiscalV200Test:72 - Validando: src/main/resources/xmlTestes/retornoCancNFe.xml
22:26:52,101 DEBUG NotaFiscalV200Test:69 - Schema: src/main/resources/xsd/v2.00/retCancNFe_v2.00.xsd
22:26:52,259 DEBUG NotaFiscalV200Test:72 - Validando: src/main/resources/xmlTestes/retornoCancNFe.xml
22:27:00,606 DEBUG NotaFiscalV200Test:31 - Schema: src/main/resources/xsd/v2.00/nfe_v/2.00.xsd
22:27:00,661 ERROR NotaFiscalV200Test:37 - Exception: schema_reference.4: Falha ao ler o documento do esquema 'file:/C:/Users/wrpaiva/NDS/nfe/src/main/resources/xsd/v2.00/nfe_v/2.00.xsd' porque 1) não foi possível encontrar o documento; 2) não foi possível ler o documento; 3) o elemento-raiz do documento não é <xsd:schema>.
22:27:21,834 DEBUG NotaFiscalV200Test:69 - Schema: src/main/resources/xsd/v2.00/retCancNFe_v2.00.xsd
22:27:29,989 DEBUG NotaFiscalV200Test:72 - Validando: src/main/resources/xmlTestes/retornoCancNFe.xml
22:28:07,403 DEBUG NotaFiscalV200Test:50 - Schema: src/main/resources/xsd/v2.00/cancNFe_v2.00.xsd
22:28:07,468 DEBUG NotaFiscalV200Test:53 - Validando: src/main/resources/xmlTestes/solicitacaoCancNFe.xml
16:06:59,008 DEBUG NotaFiscalV200Test:31 - Schema: src/main/resources/xsd/v2.00/nfe_v/2.00.xsd
16:06:59,068 ERROR NotaFiscalV200Test:37 - Exception: schema_reference.4: Failed to read schema document 'file:/home/sergio/Projects/DGB/NDS/nfe/src/main/resources/xsd/v2.00/nfe_v/2.00.xsd', because 1) could not find the document; 2) the document could not be read; 3) the root element of the document is not <xsd:schema>.
16:06:59,071 DEBUG NotaFiscalV200Test:50 - Schema: src/main/resources/xsd/v2.00/cancNFe_v2.00.xsd
16:06:59,255 DEBUG NotaFiscalV200Test:53 - Validando: src/main/resources/xmlTestes/solicitacaoCancNFe.xml
16:06:59,267 DEBUG NotaFiscalV200Test:69 - Schema: src/main/resources/xsd/v2.00/retCancNFe_v2.00.xsd
16:06:59,303 DEBUG NotaFiscalV200Test:72 - Validando: src/main/resources/xmlTestes/retornoCancNFe.xml
16:07:49,022 DEBUG NotaFiscalV200Test:31 - Schema: src/main/resources/xsd/v2.00/nfe_v2.00.xsd
16:07:49,377 DEBUG NotaFiscalV200Test:34 - Validando: src/main/resources/xmlTestes/nfeAssinadaOficial.xml
16:07:49,401 ERROR NotaFiscalV200Test:37 - Exception: cvc-complex-type.2.4.a: Invalid content was found starting with element 'infNFe'. One of '{"http://www.portalfiscal.inf.br/nfe":infNFe}' is expected.
16:07:49,404 DEBUG NotaFiscalV200Test:50 - Schema: src/main/resources/xsd/v2.00/cancNFe_v2.00.xsd
16:07:49,445 DEBUG NotaFiscalV200Test:53 - Validando: src/main/resources/xmlTestes/solicitacaoCancNFe.xml
16:07:49,455 DEBUG NotaFiscalV200Test:69 - Schema: src/main/resources/xsd/v2.00/retCancNFe_v2.00.xsd
16:07:49,492 DEBUG NotaFiscalV200Test:72 - Validando: src/main/resources/xmlTestes/retornoCancNFe.xml
16:08:22,740 DEBUG NotaFiscalV200Test:50 - Schema: src/main/resources/xsd/v2.00/cancNFe_v2.00.xsd
16:08:22,851 DEBUG NotaFiscalV200Test:53 - Validando: src/main/resources/xmlTestes/solicitacaoCancNFe.xml
16:08:22,865 DEBUG NotaFiscalV200Test:69 - Schema: src/main/resources/xsd/v2.00/retCancNFe_v2.00.xsd
16:08:22,908 DEBUG NotaFiscalV200Test:72 - Validando: src/main/resources/xmlTestes/retornoCancNFe.xml
16:08:22,914 DEBUG NotaFiscalV200Test:31 - Schema: src/main/resources/xsd/v2.00/nfe_v2.00.xsd
16:08:23,099 DEBUG NotaFiscalV200Test:34 - Validando: src/main/resources/xmlTestes/nfeAssinadaOficial.xml
16:08:23,115 ERROR NotaFiscalV200Test:37 - Exception: cvc-pattern-valid: Value '6' is not facet-valid with respect to pattern '[0-9]{8}' for type '#AnonType_cNFideinfNFeTNFe'.
16:44:31,076 DEBUG NotaFiscalV200Test:31 - Schema: src/main/resources/xsd/v2.00/nfe_v2.00.xsd
16:44:31,500 DEBUG NotaFiscalV200Test:34 - Validando: src/main/resources/xmlTestes/nfeAssinadaOficial.xml
16:44:31,526 ERROR NotaFiscalV200Test:37 - Exception: cvc-complex-type.2.4.a: Invalid content was found starting with element 'infNFe'. One of '{"http://www.portalfiscal.inf.br/nfe":infNFe}' is expected.
16:44:31,529 DEBUG NotaFiscalV200Test:50 - Schema: src/main/resources/xsd/v2.00/cancNFe_v2.00.xsd
16:44:31,587 DEBUG NotaFiscalV200Test:53 - Validando: src/main/resources/xmlTestes/solicitacaoCancNFe.xml
16:44:31,597 DEBUG NotaFiscalV200Test:69 - Schema: src/main/resources/xsd/v2.00/retCancNFe_v2.00.xsd
16:44:31,641 DEBUG NotaFiscalV200Test:72 - Validando: src/main/resources/xmlTestes/retornoCancNFe.xml
16:44:50,510 DEBUG NotaFiscalV200Test:31 - Schema: src/main/resources/xsd/v2.00/nfe_v2.00.xsd
16:44:50,934 DEBUG NotaFiscalV200Test:34 - Validando: src/main/resources/xmlTestes/nfeAssinadaOficial.xml
16:44:50,963 ERROR NotaFiscalV200Test:37 - Exception: cvc-pattern-valid: Value '00000007' is not facet-valid with respect to pattern '[1-9]{1}[0-9]{0,8}' for type 'TNF'.
16:44:50,967 DEBUG NotaFiscalV200Test:50 - Schema: src/main/resources/xsd/v2.00/cancNFe_v2.00.xsd
16:44:51,012 DEBUG NotaFiscalV200Test:53 - Validando: src/main/resources/xmlTestes/solicitacaoCancNFe.xml
16:44:51,020 DEBUG NotaFiscalV200Test:69 - Schema: src/main/resources/xsd/v2.00/retCancNFe_v2.00.xsd
16:44:51,066 DEBUG NotaFiscalV200Test:72 - Validando: src/main/resources/xmlTestes/retornoCancNFe.xml
16:46:02,668 DEBUG NotaFiscalV200Test:31 - Schema: src/main/resources/xsd/v2.00/nfe_v2.00.xsd
16:46:03,076 DEBUG NotaFiscalV200Test:34 - Validando: src/main/resources/xmlTestes/nfeAssinadaOficial.xml
16:46:03,106 ERROR NotaFiscalV200Test:37 - Exception: cvc-complex-type.2.4.a: Invalid content was found starting with element 'CRT'. One of '{"http://www.portalfiscal.inf.br/nfe":CNAE}' is expected.
16:46:03,109 DEBUG NotaFiscalV200Test:50 - Schema: src/main/resources/xsd/v2.00/cancNFe_v2.00.xsd
16:46:03,154 DEBUG NotaFiscalV200Test:53 - Validando: src/main/resources/xmlTestes/solicitacaoCancNFe.xml
16:46:03,162 DEBUG NotaFiscalV200Test:69 - Schema: src/main/resources/xsd/v2.00/retCancNFe_v2.00.xsd
16:46:03,206 DEBUG NotaFiscalV200Test:72 - Validando: src/main/resources/xmlTestes/retornoCancNFe.xml
16:59:43,563 DEBUG NotaFiscalV200Test:31 - Schema: src/main/resources/xsd/v2.00/nfe_v2.00.xsd
16:59:44,198 DEBUG NotaFiscalV200Test:34 - Validando: src/main/resources/xmlTestes/nfeAssinadaOficial.xml
16:59:44,243 ERROR NotaFiscalV200Test:37 - Exception: cvc-complex-type.2.4.a: Invalid content was found starting with element 'infNFe'. One of '{"http://www.portalfiscal.inf.br/nfe":infNFe}' is expected.
16:59:44,271 DEBUG NotaFiscalV200Test:50 - Schema: src/main/resources/xsd/v2.00/cancNFe_v2.00.xsd
16:59:44,366 DEBUG NotaFiscalV200Test:53 - Validando: src/main/resources/xmlTestes/solicitacaoCancNFe.xml
16:59:44,381 DEBUG NotaFiscalV200Test:69 - Schema: src/main/resources/xsd/v2.00/retCancNFe_v2.00.xsd
16:59:44,457 DEBUG NotaFiscalV200Test:72 - Validando: src/main/resources/xmlTestes/retornoCancNFe.xml
16:59:53,598 DEBUG NotaFiscalV200Test:31 - Schema: src/main/resources/xsd/v2.00/nfe_v2.00.xsd
16:59:54,212 DEBUG NotaFiscalV200Test:34 - Validando: src/main/resources/xmlTestes/nfeAssinadaOficial.xml
16:59:54,245 ERROR NotaFiscalV200Test:37 - Exception: cvc-complex-type.2.4.a: Invalid content was found starting with element 'CRT'. One of '{"http://www.portalfiscal.inf.br/nfe":CNAE}' is expected.
16:59:54,249 DEBUG NotaFiscalV200Test:50 - Schema: src/main/resources/xsd/v2.00/cancNFe_v2.00.xsd
16:59:54,342 DEBUG NotaFiscalV200Test:53 - Validando: src/main/resources/xmlTestes/solicitacaoCancNFe.xml
16:59:54,362 DEBUG NotaFiscalV200Test:69 - Schema: src/main/resources/xsd/v2.00/retCancNFe_v2.00.xsd
16:59:54,416 DEBUG NotaFiscalV200Test:72 - Validando: src/main/resources/xmlTestes/retornoCancNFe.xml
17:00:14,311 DEBUG NotaFiscalV200Test:31 - Schema: src/main/resources/xsd/v2.00/nfe_v2.00.xsd
17:00:14,718 DEBUG NotaFiscalV200Test:34 - Validando: src/main/resources/xmlTestes/nfeAssinadaOficial.xml
17:00:14,746 ERROR NotaFiscalV200Test:37 - Exception: cvc-complex-type.2.4.a: Invalid content was found starting with element 'CNAE'. One of '{"http://www.portalfiscal.inf.br/nfe":dhCont}' is expected.
17:00:14,749 DEBUG NotaFiscalV200Test:50 - Schema: src/main/resources/xsd/v2.00/cancNFe_v2.00.xsd
17:00:14,794 DEBUG NotaFiscalV200Test:53 - Validando: src/main/resources/xmlTestes/solicitacaoCancNFe.xml
17:00:14,802 DEBUG NotaFiscalV200Test:69 - Schema: src/main/resources/xsd/v2.00/retCancNFe_v2.00.xsd
17:00:14,847 DEBUG NotaFiscalV200Test:72 - Validando: src/main/resources/xmlTestes/retornoCancNFe.xml
17:02:14,364 DEBUG NotaFiscalV200Test:50 - Schema: src/main/resources/xsd/v2.00/cancNFe_v2.00.xsd
17:02:14,475 DEBUG NotaFiscalV200Test:53 - Validando: src/main/resources/xmlTestes/solicitacaoCancNFe.xml
17:02:14,486 DEBUG NotaFiscalV200Test:69 - Schema: src/main/resources/xsd/v2.00/retCancNFe_v2.00.xsd
17:02:14,536 DEBUG NotaFiscalV200Test:72 - Validando: src/main/resources/xmlTestes/retornoCancNFe.xml
17:02:14,543 DEBUG NotaFiscalV200Test:31 - Schema: src/main/resources/xsd/v2.00/nfe_v2.00.xsd
17:02:14,760 DEBUG NotaFiscalV200Test:34 - Validando: src/main/resources/xmlTestes/nfeAssinadaOficial.xml
17:02:14,780 ERROR NotaFiscalV200Test:37 - Exception: cvc-complex-type.2.4.a: Invalid content was found starting with element 'CNAE'. One of '{"http://www.portalfiscal.inf.br/nfe":dhCont}' is expected.
17:03:15,054 DEBUG NotaFiscalV200Test:31 - Schema: src/main/resources/xsd/v2.00/nfe_v2.00.xsd
17:03:15,475 DEBUG NotaFiscalV200Test:34 - Validando: src/main/resources/xmlTestes/nfeAssinadaOficial.xml
17:03:15,506 ERROR NotaFiscalV200Test:37 - Exception: cvc-complex-type.2.4.a: Invalid content was found starting with element 'CRT'. One of '{"http://www.portalfiscal.inf.br/nfe":CNAE}' is expected.
17:03:15,509 DEBUG NotaFiscalV200Test:50 - Schema: src/main/resources/xsd/v2.00/cancNFe_v2.00.xsd
17:03:15,554 DEBUG NotaFiscalV200Test:53 - Validando: src/main/resources/xmlTestes/solicitacaoCancNFe.xml
17:03:15,563 DEBUG NotaFiscalV200Test:69 - Schema: src/main/resources/xsd/v2.00/retCancNFe_v2.00.xsd
17:03:15,609 DEBUG NotaFiscalV200Test:72 - Validando: src/main/resources/xmlTestes/retornoCancNFe.xml
17:20:41,974 DEBUG NotaFiscalV200Test:50 - Schema: src/main/resources/xsd/v2.00/cancNFe_v2.00.xsd
17:20:42,073 DEBUG NotaFiscalV200Test:53 - Validando: src/main/resources/xmlTestes/solicitacaoCancNFe.xml
17:20:42,084 DEBUG NotaFiscalV200Test:69 - Schema: src/main/resources/xsd/v2.00/retCancNFe_v2.00.xsd
17:20:42,126 DEBUG NotaFiscalV200Test:72 - Validando: src/main/resources/xmlTestes/retornoCancNFe.xml
17:20:42,134 DEBUG NotaFiscalV200Test:31 - Schema: src/main/resources/xsd/v2.00/nfe_v2.00.xsd
17:20:42,304 DEBUG NotaFiscalV200Test:34 - Validando: src/main/resources/xmlTestes/nfeAssinadaOficial.xml
17:20:42,321 ERROR NotaFiscalV200Test:37 - Exception: cvc-complex-type.2.4.a: Invalid content was found starting with element 'CRT'. One of '{"http://www.portalfiscal.inf.br/nfe":CNAE}' is expected.
17:20:54,863 DEBUG NotaFiscalV200Test:31 - Schema: src/main/resources/xsd/v2.00/nfe_v2.00.xsd
17:20:55,261 DEBUG NotaFiscalV200Test:34 - Validando: src/main/resources/xmlTestes/nfeAssinadaOficial.xml
17:20:55,291 ERROR NotaFiscalV200Test:37 - Exception: cvc-pattern-valid: Value '4789-0/99' is not facet-valid with respect to pattern '[0-9]{7}' for type '#AnonType_CNAEemitinfNFeTNFe'.
17:20:55,294 DEBUG NotaFiscalV200Test:50 - Schema: src/main/resources/xsd/v2.00/cancNFe_v2.00.xsd
17:20:55,340 DEBUG NotaFiscalV200Test:53 - Validando: src/main/resources/xmlTestes/solicitacaoCancNFe.xml
17:20:55,348 DEBUG NotaFiscalV200Test:69 - Schema: src/main/resources/xsd/v2.00/retCancNFe_v2.00.xsd
17:20:55,402 DEBUG NotaFiscalV200Test:72 - Validando: src/main/resources/xmlTestes/retornoCancNFe.xml
17:21:05,847 DEBUG NotaFiscalV200Test:31 - Schema: src/main/resources/xsd/v2.00/nfe_v2.00.xsd
17:21:06,246 DEBUG NotaFiscalV200Test:34 - Validando: src/main/resources/xmlTestes/nfeAssinadaOficial.xml
17:21:06,282 ERROR NotaFiscalV200Test:37 - Exception: cvc-pattern-valid: Value '0' is not facet-valid with respect to pattern '[0-9]{2,3}' for type '#AnonType_EXTIPIproddetinfNFeTNFe'.
17:21:06,285 DEBUG NotaFiscalV200Test:50 - Schema: src/main/resources/xsd/v2.00/cancNFe_v2.00.xsd
17:21:06,336 DEBUG NotaFiscalV200Test:53 - Validando: src/main/resources/xmlTestes/solicitacaoCancNFe.xml
17:21:06,345 DEBUG NotaFiscalV200Test:69 - Schema: src/main/resources/xsd/v2.00/retCancNFe_v2.00.xsd
17:21:06,393 DEBUG NotaFiscalV200Test:72 - Validando: src/main/resources/xmlTestes/retornoCancNFe.xml
17:24:39,493 DEBUG NotaFiscalV200Test:31 - Schema: src/main/resources/xsd/v2.00/nfe_v2.00.xsd
17:24:40,108 DEBUG NotaFiscalV200Test:34 - Validando: src/main/resources/xmlTestes/nfeAssinadaOficial.xml
17:24:40,168 ERROR NotaFiscalV200Test:37 - Exception: cvc-pattern-valid: Value '38.4230' is not facet-valid with respect to pattern '0|0\.[0-9]{2}|[1-9]{1}[0-9]{0,12}(\.[0-9]{2})?' for type 'TDec_1302'.
17:24:40,174 DEBUG NotaFiscalV200Test:50 - Schema: src/main/resources/xsd/v2.00/cancNFe_v2.00.xsd
17:24:40,248 DEBUG NotaFiscalV200Test:53 - Validando: src/main/resources/xmlTestes/solicitacaoCancNFe.xml
17:24:40,260 DEBUG NotaFiscalV200Test:69 - Schema: src/main/resources/xsd/v2.00/retCancNFe_v2.00.xsd
17:24:40,343 DEBUG NotaFiscalV200Test:72 - Validando: src/main/resources/xmlTestes/retornoCancNFe.xml
17:37:19,499 DEBUG NotaFiscalV200Test:31 - Schema: src/main/resources/xsd/v2.00/nfe_v2.00.xsd
17:37:19,843 DEBUG NotaFiscalV200Test:34 - Validando: src/main/resources/xmlTestes/nfeAssinadaOficial.xml
17:37:19,867 ERROR NotaFiscalV200Test:37 - Exception: cvc-complex-type.2.4.a: Invalid content was found starting with element 'infNFe'. One of '{"http://www.portalfiscal.inf.br/nfe":infNFe}' is expected.
17:37:19,870 DEBUG NotaFiscalV200Test:50 - Schema: src/main/resources/xsd/v2.00/cancNFe_v2.00.xsd
17:37:19,909 DEBUG NotaFiscalV200Test:53 - Validando: src/main/resources/xmlTestes/solicitacaoCancNFe.xml
17:37:19,919 DEBUG NotaFiscalV200Test:69 - Schema: src/main/resources/xsd/v2.00/retCancNFe_v2.00.xsd
17:37:19,956 DEBUG NotaFiscalV200Test:72 - Validando: src/main/resources/xmlTestes/retornoCancNFe.xml
17:37:29,137 DEBUG NotaFiscalV200Test:31 - Schema: src/main/resources/xsd/v2.00/nfe_v2.00.xsd
17:37:29,577 DEBUG NotaFiscalV200Test:34 - Validando: src/main/resources/xmlTestes/nfeAssinadaOficial.xml
17:37:29,611 ERROR NotaFiscalV200Test:37 - Exception: cvc-complex-type.2.4.b: The content of element 'prod' is not complete. One of '{"http://www.portalfiscal.inf.br/nfe":cEANTrib}' is expected.
17:37:29,614 DEBUG NotaFiscalV200Test:50 - Schema: src/main/resources/xsd/v2.00/cancNFe_v2.00.xsd
17:37:29,659 DEBUG NotaFiscalV200Test:53 - Validando: src/main/resources/xmlTestes/solicitacaoCancNFe.xml
17:37:29,667 DEBUG NotaFiscalV200Test:69 - Schema: src/main/resources/xsd/v2.00/retCancNFe_v2.00.xsd
17:37:29,710 DEBUG NotaFiscalV200Test:72 - Validando: src/main/resources/xmlTestes/retornoCancNFe.xml
17:38:21,685 DEBUG NotaFiscalV200Test:31 - Schema: src/main/resources/xsd/v2.00/nfe_v2.00.xsd
17:38:22,143 DEBUG NotaFiscalV200Test:34 - Validando: src/main/resources/xmlTestes/nfeAssinadaOficial.xml
17:38:22,176 ERROR NotaFiscalV200Test:37 - Exception: cvc-complex-type.2.4.b: The content of element 'prod' is not complete. One of '{"http://www.portalfiscal.inf.br/nfe":uTrib}' is expected.
17:38:22,179 DEBUG NotaFiscalV200Test:50 - Schema: src/main/resources/xsd/v2.00/cancNFe_v2.00.xsd
17:38:22,224 DEBUG NotaFiscalV200Test:53 - Validando: src/main/resources/xmlTestes/solicitacaoCancNFe.xml
17:38:22,231 DEBUG NotaFiscalV200Test:69 - Schema: src/main/resources/xsd/v2.00/retCancNFe_v2.00.xsd
17:38:22,280 DEBUG NotaFiscalV200Test:72 - Validando: src/main/resources/xmlTestes/retornoCancNFe.xml
17:38:42,936 DEBUG NotaFiscalV200Test:31 - Schema: src/main/resources/xsd/v2.00/nfe_v2.00.xsd
17:38:43,365 DEBUG NotaFiscalV200Test:34 - Validando: src/main/resources/xmlTestes/nfeAssinadaOficial.xml
17:38:43,399 ERROR NotaFiscalV200Test:37 - Exception: cvc-pattern-valid: Value '' is not facet-valid with respect to pattern '[!-ÿ]{1}[ -ÿ]{0,}[!-ÿ]{1}|[!-ÿ]{1}' for type '#AnonType_uTribproddetinfNFeTNFe'.
17:38:43,402 DEBUG NotaFiscalV200Test:50 - Schema: src/main/resources/xsd/v2.00/cancNFe_v2.00.xsd
17:38:43,447 DEBUG NotaFiscalV200Test:53 - Validando: src/main/resources/xmlTestes/solicitacaoCancNFe.xml
17:38:43,455 DEBUG NotaFiscalV200Test:69 - Schema: src/main/resources/xsd/v2.00/retCancNFe_v2.00.xsd
17:38:43,492 DEBUG NotaFiscalV200Test:72 - Validando: src/main/resources/xmlTestes/retornoCancNFe.xml
17:38:51,835 DEBUG NotaFiscalV200Test:31 - Schema: src/main/resources/xsd/v2.00/nfe_v2.00.xsd
17:38:52,254 DEBUG NotaFiscalV200Test:34 - Validando: src/main/resources/xmlTestes/nfeAssinadaOficial.xml
17:38:52,299 ERROR NotaFiscalV200Test:37 - Exception: cvc-complex-type.2.4.b: The content of element 'prod' is not complete. One of '{"http://www.portalfiscal.inf.br/nfe":qTrib}' is expected.
17:38:52,303 DEBUG NotaFiscalV200Test:50 - Schema: src/main/resources/xsd/v2.00/cancNFe_v2.00.xsd
17:38:52,370 DEBUG NotaFiscalV200Test:53 - Validando: src/main/resources/xmlTestes/solicitacaoCancNFe.xml
17:38:52,390 DEBUG NotaFiscalV200Test:69 - Schema: src/main/resources/xsd/v2.00/retCancNFe_v2.00.xsd
17:38:52,436 DEBUG NotaFiscalV200Test:72 - Validando: src/main/resources/xmlTestes/retornoCancNFe.xml
17:39:05,707 DEBUG NotaFiscalV200Test:31 - Schema: src/main/resources/xsd/v2.00/nfe_v2.00.xsd
17:39:06,126 DEBUG NotaFiscalV200Test:34 - Validando: src/main/resources/xmlTestes/nfeAssinadaOficial.xml
17:39:06,161 ERROR NotaFiscalV200Test:37 - Exception: cvc-complex-type.2.4.b: The content of element 'prod' is not complete. One of '{"http://www.portalfiscal.inf.br/nfe":vUnTrib}' is expected.
17:39:06,164 DEBUG NotaFiscalV200Test:50 - Schema: src/main/resources/xsd/v2.00/cancNFe_v2.00.xsd
17:39:06,210 DEBUG NotaFiscalV200Test:53 - Validando: src/main/resources/xmlTestes/solicitacaoCancNFe.xml
17:39:06,218 DEBUG NotaFiscalV200Test:69 - Schema: src/main/resources/xsd/v2.00/retCancNFe_v2.00.xsd
17:39:06,263 DEBUG NotaFiscalV200Test:72 - Validando: src/main/resources/xmlTestes/retornoCancNFe.xml
17:39:21,504 DEBUG NotaFiscalV200Test:31 - Schema: src/main/resources/xsd/v2.00/nfe_v2.00.xsd
17:39:21,962 DEBUG NotaFiscalV200Test:34 - Validando: src/main/resources/xmlTestes/nfeAssinadaOficial.xml
17:39:22,002 ERROR NotaFiscalV200Test:37 - Exception: cvc-complex-type.2.4.b: The content of element 'prod' is not complete. One of '{"http://www.portalfiscal.inf.br/nfe":vFrete, "http://www.portalfiscal.inf.br/nfe":vSeg, "http://www.portalfiscal.inf.br/nfe":vDesc, "http://www.portalfiscal.inf.br/nfe":vOutro, "http://www.portalfiscal.inf.br/nfe":indTot}' is expected.
17:39:22,006 DEBUG NotaFiscalV200Test:50 - Schema: src/main/resources/xsd/v2.00/cancNFe_v2.00.xsd
17:39:22,049 DEBUG NotaFiscalV200Test:53 - Validando: src/main/resources/xmlTestes/solicitacaoCancNFe.xml
17:39:22,057 DEBUG NotaFiscalV200Test:69 - Schema: src/main/resources/xsd/v2.00/retCancNFe_v2.00.xsd
17:39:22,092 DEBUG NotaFiscalV200Test:72 - Validando: src/main/resources/xmlTestes/retornoCancNFe.xml
17:40:22,698 DEBUG NotaFiscalV200Test:50 - Schema: src/main/resources/xsd/v2.00/cancNFe_v2.00.xsd
17:40:22,826 DEBUG NotaFiscalV200Test:53 - Validando: src/main/resources/xmlTestes/solicitacaoCancNFe.xml
17:40:22,843 DEBUG NotaFiscalV200Test:69 - Schema: src/main/resources/xsd/v2.00/retCancNFe_v2.00.xsd
17:40:22,894 DEBUG NotaFiscalV200Test:72 - Validando: src/main/resources/xmlTestes/retornoCancNFe.xml
17:40:22,900 DEBUG NotaFiscalV200Test:31 - Schema: src/main/resources/xsd/v2.00/nfe_v2.00.xsd
17:40:23,125 DEBUG NotaFiscalV200Test:34 - Validando: src/main/resources/xmlTestes/nfeAssinadaOficial.xml
17:40:23,150 ERROR NotaFiscalV200Test:37 - Exception: cvc-pattern-valid: Value '' is not facet-valid with respect to pattern '0\.[0-9]{1}[1-9]{1}|0\.[1-9]{1}[0-9]{1}|[1-9]{1}[0-9]{0,12}(\.[0-9]{2})?' for type 'TDec_1302Opc'.
17:40:31,190 DEBUG NotaFiscalV200Test:50 - Schema: src/main/resources/xsd/v2.00/cancNFe_v2.00.xsd
17:40:31,321 DEBUG NotaFiscalV200Test:53 - Validando: src/main/resources/xmlTestes/solicitacaoCancNFe.xml
17:40:31,339 DEBUG NotaFiscalV200Test:69 - Schema: src/main/resources/xsd/v2.00/retCancNFe_v2.00.xsd
17:40:31,394 DEBUG NotaFiscalV200Test:72 - Validando: src/main/resources/xmlTestes/retornoCancNFe.xml
17:40:31,407 DEBUG NotaFiscalV200Test:31 - Schema: src/main/resources/xsd/v2.00/nfe_v2.00.xsd
17:40:31,703 DEBUG NotaFiscalV200Test:34 - Validando: src/main/resources/xmlTestes/nfeAssinadaOficial.xml
17:40:31,734 ERROR NotaFiscalV200Test:37 - Exception: cvc-pattern-valid: Value '0.00' is not facet-valid with respect to pattern '0\.[0-9]{1}[1-9]{1}|0\.[1-9]{1}[0-9]{1}|[1-9]{1}[0-9]{0,12}(\.[0-9]{2})?' for type 'TDec_1302Opc'.
17:41:11,988 DEBUG NotaFiscalV200Test:50 - Schema: src/main/resources/xsd/v2.00/cancNFe_v2.00.xsd
17:41:12,109 DEBUG NotaFiscalV200Test:53 - Validando: src/main/resources/xmlTestes/solicitacaoCancNFe.xml
17:41:12,127 DEBUG NotaFiscalV200Test:69 - Schema: src/main/resources/xsd/v2.00/retCancNFe_v2.00.xsd
17:41:12,179 DEBUG NotaFiscalV200Test:72 - Validando: src/main/resources/xmlTestes/retornoCancNFe.xml
17:41:12,187 DEBUG NotaFiscalV200Test:31 - Schema: src/main/resources/xsd/v2.00/nfe_v2.00.xsd
17:41:12,446 DEBUG NotaFiscalV200Test:34 - Validando: src/main/resources/xmlTestes/nfeAssinadaOficial.xml
17:41:12,474 ERROR NotaFiscalV200Test:37 - Exception: cvc-complex-type.2.4.b: The content of element 'prod' is not complete. One of '{"http://www.portalfiscal.inf.br/nfe":vSeg, "http://www.portalfiscal.inf.br/nfe":vDesc, "http://www.portalfiscal.inf.br/nfe":vOutro, "http://www.portalfiscal.inf.br/nfe":indTot}' is expected.
17:41:26,218 DEBUG NotaFiscalV200Test:31 - Schema: src/main/resources/xsd/v2.00/nfe_v2.00.xsd
17:41:26,651 DEBUG NotaFiscalV200Test:34 - Validando: src/main/resources/xmlTestes/nfeAssinadaOficial.xml
17:41:26,685 ERROR NotaFiscalV200Test:37 - Exception: cvc-pattern-valid: Value '0.00' is not facet-valid with respect to pattern '0\.[0-9]{1}[1-9]{1}|0\.[1-9]{1}[0-9]{1}|[1-9]{1}[0-9]{0,12}(\.[0-9]{2})?' for type 'TDec_1302Opc'.
17:41:26,689 DEBUG NotaFiscalV200Test:50 - Schema: src/main/resources/xsd/v2.00/cancNFe_v2.00.xsd
17:41:26,734 DEBUG NotaFiscalV200Test:53 - Validando: src/main/resources/xmlTestes/solicitacaoCancNFe.xml
17:41:26,742 DEBUG NotaFiscalV200Test:69 - Schema: src/main/resources/xsd/v2.00/retCancNFe_v2.00.xsd
17:41:26,775 DEBUG NotaFiscalV200Test:72 - Validando: src/main/resources/xmlTestes/retornoCancNFe.xml
17:41:34,446 DEBUG NotaFiscalV200Test:50 - Schema: src/main/resources/xsd/v2.00/cancNFe_v2.00.xsd
17:41:34,571 DEBUG NotaFiscalV200Test:53 - Validando: src/main/resources/xmlTestes/solicitacaoCancNFe.xml
17:41:34,590 DEBUG NotaFiscalV200Test:69 - Schema: src/main/resources/xsd/v2.00/retCancNFe_v2.00.xsd
17:41:34,638 DEBUG NotaFiscalV200Test:72 - Validando: src/main/resources/xmlTestes/retornoCancNFe.xml
17:41:34,646 DEBUG NotaFiscalV200Test:31 - Schema: src/main/resources/xsd/v2.00/nfe_v2.00.xsd
17:41:34,879 DEBUG NotaFiscalV200Test:34 - Validando: src/main/resources/xmlTestes/nfeAssinadaOficial.xml
17:41:34,905 ERROR NotaFiscalV200Test:37 - Exception: cvc-complex-type.2.4.b: The content of element 'prod' is not complete. One of '{"http://www.portalfiscal.inf.br/nfe":vDesc, "http://www.portalfiscal.inf.br/nfe":vOutro, "http://www.portalfiscal.inf.br/nfe":indTot}' is expected.
17:41:46,594 DEBUG NotaFiscalV200Test:50 - Schema: src/main/resources/xsd/v2.00/cancNFe_v2.00.xsd
17:41:46,719 DEBUG NotaFiscalV200Test:53 - Validando: src/main/resources/xmlTestes/solicitacaoCancNFe.xml
17:41:46,735 DEBUG NotaFiscalV200Test:69 - Schema: src/main/resources/xsd/v2.00/retCancNFe_v2.00.xsd
17:41:46,790 DEBUG NotaFiscalV200Test:72 - Validando: src/main/resources/xmlTestes/retornoCancNFe.xml
17:41:46,798 DEBUG NotaFiscalV200Test:31 - Schema: src/main/resources/xsd/v2.00/nfe_v2.00.xsd
17:41:47,056 DEBUG NotaFiscalV200Test:34 - Validando: src/main/resources/xmlTestes/nfeAssinadaOficial.xml
17:41:47,084 ERROR NotaFiscalV200Test:37 - Exception: cvc-pattern-valid: Value '0.00' is not facet-valid with respect to pattern '0\.[0-9]{1}[1-9]{1}|0\.[1-9]{1}[0-9]{1}|[1-9]{1}[0-9]{0,12}(\.[0-9]{2})?' for type 'TDec_1302Opc'.
17:42:04,451 DEBUG NotaFiscalV200Test:31 - Schema: src/main/resources/xsd/v2.00/nfe_v2.00.xsd
17:42:04,803 DEBUG NotaFiscalV200Test:34 - Validando: src/main/resources/xmlTestes/nfeAssinadaOficial.xml
17:42:04,837 ERROR NotaFiscalV200Test:37 - Exception: cvc-complex-type.2.4.b: The content of element 'prod' is not complete. One of '{"http://www.portalfiscal.inf.br/nfe":vOutro, "http://www.portalfiscal.inf.br/nfe":indTot}' is expected.
17:42:04,840 DEBUG NotaFiscalV200Test:50 - Schema: src/main/resources/xsd/v2.00/cancNFe_v2.00.xsd
17:42:04,877 DEBUG NotaFiscalV200Test:53 - Validando: src/main/resources/xmlTestes/solicitacaoCancNFe.xml
17:42:04,885 DEBUG NotaFiscalV200Test:69 - Schema: src/main/resources/xsd/v2.00/retCancNFe_v2.00.xsd
17:42:04,921 DEBUG NotaFiscalV200Test:72 - Validando: src/main/resources/xmlTestes/retornoCancNFe.xml
17:42:15,385 DEBUG NotaFiscalV200Test:31 - Schema: src/main/resources/xsd/v2.00/nfe_v2.00.xsd
17:42:15,848 DEBUG NotaFiscalV200Test:34 - Validando: src/main/resources/xmlTestes/nfeAssinadaOficial.xml
17:42:15,891 ERROR NotaFiscalV200Test:37 - Exception: cvc-pattern-valid: Value '0.00' is not facet-valid with respect to pattern '0\.[0-9]{1}[1-9]{1}|0\.[1-9]{1}[0-9]{1}|[1-9]{1}[0-9]{0,12}(\.[0-9]{2})?' for type 'TDec_1302Opc'.
17:42:15,895 DEBUG NotaFiscalV200Test:50 - Schema: src/main/resources/xsd/v2.00/cancNFe_v2.00.xsd
17:42:15,947 DEBUG NotaFiscalV200Test:53 - Validando: src/main/resources/xmlTestes/solicitacaoCancNFe.xml
17:42:15,967 DEBUG NotaFiscalV200Test:69 - Schema: src/main/resources/xsd/v2.00/retCancNFe_v2.00.xsd
17:42:16,007 DEBUG NotaFiscalV200Test:72 - Validando: src/main/resources/xmlTestes/retornoCancNFe.xml
17:42:23,024 DEBUG NotaFiscalV200Test:50 - Schema: src/main/resources/xsd/v2.00/cancNFe_v2.00.xsd
17:42:23,145 DEBUG NotaFiscalV200Test:53 - Validando: src/main/resources/xmlTestes/solicitacaoCancNFe.xml
17:42:23,163 DEBUG NotaFiscalV200Test:69 - Schema: src/main/resources/xsd/v2.00/retCancNFe_v2.00.xsd
17:42:23,212 DEBUG NotaFiscalV200Test:72 - Validando: src/main/resources/xmlTestes/retornoCancNFe.xml
17:42:23,220 DEBUG NotaFiscalV200Test:31 - Schema: src/main/resources/xsd/v2.00/nfe_v2.00.xsd
17:42:23,477 DEBUG NotaFiscalV200Test:34 - Validando: src/main/resources/xmlTestes/nfeAssinadaOficial.xml
17:42:23,504 ERROR NotaFiscalV200Test:37 - Exception: cvc-complex-type.2.4.b: The content of element 'prod' is not complete. One of '{"http://www.portalfiscal.inf.br/nfe":indTot}' is expected.
17:42:32,966 DEBUG NotaFiscalV200Test:50 - Schema: src/main/resources/xsd/v2.00/cancNFe_v2.00.xsd
17:42:33,087 DEBUG NotaFiscalV200Test:53 - Validando: src/main/resources/xmlTestes/solicitacaoCancNFe.xml
17:42:33,104 DEBUG NotaFiscalV200Test:69 - Schema: src/main/resources/xsd/v2.00/retCancNFe_v2.00.xsd
17:42:33,156 DEBUG NotaFiscalV200Test:72 - Validando: src/main/resources/xmlTestes/retornoCancNFe.xml
17:42:33,164 DEBUG NotaFiscalV200Test:31 - Schema: src/main/resources/xsd/v2.00/nfe_v2.00.xsd
17:42:33,397 DEBUG NotaFiscalV200Test:34 - Validando: src/main/resources/xmlTestes/nfeAssinadaOficial.xml
17:42:33,423 ERROR NotaFiscalV200Test:37 - Exception: cvc-enumeration-valid: Value '' is not facet-valid with respect to enumeration '[0, 1]'. It must be a value from the enumeration.
17:42:42,336 DEBUG NotaFiscalV200Test:31 - Schema: src/main/resources/xsd/v2.00/nfe_v2.00.xsd
17:42:42,747 DEBUG NotaFiscalV200Test:34 - Validando: src/main/resources/xmlTestes/nfeAssinadaOficial.xml
17:42:42,780 ERROR NotaFiscalV200Test:37 - Exception: cvc-complex-type.2.4.a: Invalid content was found starting with element 'impostos'. One of '{"http://www.portalfiscal.inf.br/nfe":imposto}' is expected.
17:42:42,783 DEBUG NotaFiscalV200Test:50 - Schema: src/main/resources/xsd/v2.00/cancNFe_v2.00.xsd
17:42:42,828 DEBUG NotaFiscalV200Test:53 - Validando: src/main/resources/xmlTestes/solicitacaoCancNFe.xml
17:42:42,836 DEBUG NotaFiscalV200Test:69 - Schema: src/main/resources/xsd/v2.00/retCancNFe_v2.00.xsd
17:42:42,894 DEBUG NotaFiscalV200Test:72 - Validando: src/main/resources/xmlTestes/retornoCancNFe.xml
17:44:19,599 DEBUG NotaFiscalV200Test:50 - Schema: src/main/resources/xsd/v2.00/cancNFe_v2.00.xsd
17:44:19,724 DEBUG NotaFiscalV200Test:53 - Validando: src/main/resources/xmlTestes/solicitacaoCancNFe.xml
17:44:19,740 DEBUG NotaFiscalV200Test:69 - Schema: src/main/resources/xsd/v2.00/retCancNFe_v2.00.xsd
17:44:19,792 DEBUG NotaFiscalV200Test:72 - Validando: src/main/resources/xmlTestes/retornoCancNFe.xml
17:44:19,800 DEBUG NotaFiscalV200Test:31 - Schema: src/main/resources/xsd/v2.00/nfe_v2.00.xsd
17:44:20,034 DEBUG NotaFiscalV200Test:34 - Validando: src/main/resources/xmlTestes/nfeAssinadaOficial.xml
17:44:20,062 ERROR NotaFiscalV200Test:37 - Exception: cvc-complex-type.2.4.a: Invalid content was found starting with element 'ICMS40'. One of '{"http://www.portalfiscal.inf.br/nfe":ICMS, "http://www.portalfiscal.inf.br/nfe":ISSQN}' is expected.
17:45:12,345 DEBUG NotaFiscalV200Test:50 - Schema: src/main/resources/xsd/v2.00/cancNFe_v2.00.xsd
17:45:12,439 DEBUG NotaFiscalV200Test:53 - Validando: src/main/resources/xmlTestes/solicitacaoCancNFe.xml
17:45:12,450 DEBUG NotaFiscalV200Test:69 - Schema: src/main/resources/xsd/v2.00/retCancNFe_v2.00.xsd
17:45:12,487 DEBUG NotaFiscalV200Test:72 - Validando: src/main/resources/xmlTestes/retornoCancNFe.xml
17:45:12,493 DEBUG NotaFiscalV200Test:31 - Schema: src/main/resources/xsd/v2.00/nfe_v2.00.xsd
17:45:12,690 DEBUG NotaFiscalV200Test:34 - Validando: src/main/resources/xmlTestes/nfeAssinadaOficial.xml
17:45:12,709 ERROR NotaFiscalV200Test:37 - Exception: cvc-complex-type.2.4.a: Invalid content was found starting with element 'aliquota'. One of '{"http://www.portalfiscal.inf.br/nfe":orig}' is expected.
20:08:06,965 DEBUG NotaFiscalV200Test:31 - Schema: src/main/resources/xsd/v2.00/nfe_v2.00.xsd
20:08:07,332 DEBUG NotaFiscalV200Test:34 - Validando: src/main/resources/xmlTestes/nfeAssinadaOficial.xml
20:08:07,365 ERROR NotaFiscalV200Test:37 - Exception: cvc-complex-type.2.4.b: The content of element 'prod' is not complete. One of '{"http://www.portalfiscal.inf.br/nfe":vFrete, "http://www.portalfiscal.inf.br/nfe":vSeg, "http://www.portalfiscal.inf.br/nfe":vDesc, "http://www.portalfiscal.inf.br/nfe":vOutro, "http://www.portalfiscal.inf.br/nfe":indTot}' is expected.
20:08:07,368 DEBUG NotaFiscalV200Test:50 - Schema: src/main/resources/xsd/v2.00/cancNFe_v2.00.xsd
20:08:07,404 DEBUG NotaFiscalV200Test:53 - Validando: src/main/resources/xmlTestes/solicitacaoCancNFe.xml
20:08:07,412 DEBUG NotaFiscalV200Test:69 - Schema: src/main/resources/xsd/v2.00/retCancNFe_v2.00.xsd
20:08:07,449 DEBUG NotaFiscalV200Test:72 - Validando: src/main/resources/xmlTestes/retornoCancNFe.xml
20:08:29,424 DEBUG NotaFiscalV200Test:31 - Schema: src/main/resources/xsd/v2.00/nfe_v2.00.xsd
20:08:29,782 DEBUG NotaFiscalV200Test:34 - Validando: src/main/resources/xmlTestes/nfeAssinadaOficial.xml
20:08:29,816 ERROR NotaFiscalV200Test:37 - Exception: cvc-complex-type.2.4.a: Invalid content was found starting with element 'aliquota'. One of '{"http://www.portalfiscal.inf.br/nfe":orig}' is expected.
20:08:29,819 DEBUG NotaFiscalV200Test:50 - Schema: src/main/resources/xsd/v2.00/cancNFe_v2.00.xsd
20:08:29,863 DEBUG NotaFiscalV200Test:53 - Validando: src/main/resources/xmlTestes/solicitacaoCancNFe.xml
20:08:29,871 DEBUG NotaFiscalV200Test:69 - Schema: src/main/resources/xsd/v2.00/retCancNFe_v2.00.xsd
20:08:29,909 DEBUG NotaFiscalV200Test:72 - Validando: src/main/resources/xmlTestes/retornoCancNFe.xml
