#
# A fatal error has been detected by the Java Runtime Environment:
#
#  EXCEPTION_ACCESS_VIOLATION (0xc0000005) at pc=0x0000000052ae320b, pid=4440, tid=9164
#
# JRE version: 7.0-b147
# Java VM: Java HotSpot(TM) 64-Bit Server VM (21.0-b17 mixed mode windows-amd64 compressed oops)
# Problematic frame:
# V  [jvm.dll+0x11320b]
#
# Failed to write core dump. Minidumps are not enabled by default on client versions of Windows
#
# If you would like to submit a bug report, please visit:
#   http://bugreport.sun.com/bugreport/crash.jsp
#

---------------  T H R E A D  ---------------

Current thread (0x000000000653b800):  JavaThread "JDWP Transport Listener: dt_socket" daemon [_thread_in_vm, id=9164, stack(0x0000000007950000,0x0000000007a50000)]

siginfo: ExceptionCode=0xc0000005, reading address 0x00003b726574726f

Registers:
RAX=0x0000000007a4f801, RBX=0x000000000653b800, RCX=0x00003b726574726f, RDX=0x000000000653b800
RSP=0x0000000007a4f870, RBP=0x00003b726574726f, RSI=0x0000000007a4f988, RDI=0x0000000000328510
R8 =0x0000000007a4f988, R9 =0x0000002000070031, R10=0x0000000000000000, R11=0x000000000658a531
R12=0x0000000000000000, R13=0x0000000000000000, R14=0x0000000000000000, R15=0x0000000000000000
RIP=0x0000000052ae320b, EFLAGS=0x0000000000010206

Top of Stack: (sp=0x0000000007a4f870)
0x0000000007a4f870:   000000000653b800 000000000652ef60
0x0000000007a4f880:   0000000007a4f938 0000000052c5e619
0x0000000007a4f890:   000000000653b800 0000000052c7a032
0x0000000007a4f8a0:   0000000000000000 000000000653b800
0x0000000007a4f8b0:   00000000064b7178 00000000591b264e
0x0000000007a4f8c0:   000000000653b800 0000000000000000
0x0000000007a4f8d0:   0000000000000000 0000000000000000
0x0000000007a4f8e0:   00003b726574726f 00000000591b1745
0x0000000007a4f8f0:   0000000007a4f988 0000000007a4f960
0x0000000007a4f900:   0000000000000001 00000000064b7178
0x0000000007a4f910:   00003b726574726f 00000000591953b3
0x0000000007a4f920:   0000000007a4fa50 0000000000000001
0x0000000007a4f930:   0000000000000001 00000000064b7178
0x0000000007a4f940:   000000000000000a 0000000000000000
0x0000000007a4f950:   0000000000000000 0000000000000000
0x0000000007a4f960:   0000000000000001 0000000059195571 

Instructions: (pc=0x0000000052ae320b)
0x0000000052ae31eb:   48 8b 5c 24 30 48 89 47 18 48 83 c4 20 5f c3 cc
0x0000000052ae31fb:   cc cc cc cc cc 40 53 48 83 ec 20 48 85 c9 74 54
0x0000000052ae320b:   48 8b 19 48 85 db 74 4c 48 b8 fe fe fe fe fe fe
0x0000000052ae321b:   fe fe 48 3b d8 74 3d 80 3d df e1 54 00 00 74 15 


Register to memory mapping:

RAX=0x0000000007a4f801 is pointing into the stack for thread: 0x000000000653b800
RBX=0x000000000653b800 is a thread
RCX=0x00003b726574726f is an unknown value
RDX=0x000000000653b800 is a thread
RSP=0x0000000007a4f870 is pointing into the stack for thread: 0x000000000653b800
RBP=0x00003b726574726f is an unknown value
RSI=0x0000000007a4f988 is pointing into the stack for thread: 0x000000000653b800
RDI=0x0000000000328510 is an unknown value
R8 =0x0000000007a4f988 is pointing into the stack for thread: 0x000000000653b800
R9 =0x0000002000070031 is an unknown value
R10=0x0000000000000000 is an unknown value
R11=0x000000000658a531 is an unknown value
R12=0x0000000000000000 is an unknown value
R13=0x0000000000000000 is an unknown value
R14=0x0000000000000000 is an unknown value
R15=0x0000000000000000 is an unknown value


Stack: [0x0000000007950000,0x0000000007a50000],  sp=0x0000000007a4f870,  free space=1022k
Native frames: (J=compiled Java code, j=interpreted, Vv=VM code, C=native code)
V  [jvm.dll+0x11320b]


---------------  P R O C E S S  ---------------

Java Threads: ( => current thread )
  0x0000000006562000 JavaThread "Service Thread" daemon [_thread_blocked, id=6992, stack(0x0000000008270000,0x0000000008370000)]
  0x000000000655f000 JavaThread "C2 CompilerThread1" daemon [_thread_blocked, id=9176, stack(0x0000000008050000,0x0000000008150000)]
  0x000000000655d800 JavaThread "C2 CompilerThread0" daemon [_thread_blocked, id=3040, stack(0x0000000007ef0000,0x0000000007ff0000)]
  0x0000000006551000 JavaThread "JDWP Command Reader" daemon [_thread_in_native, id=3940, stack(0x0000000007df0000,0x0000000007ef0000)]
  0x000000000654a800 JavaThread "JDWP Event Helper Thread" daemon [_thread_blocked, id=6820, stack(0x0000000007b60000,0x0000000007c60000)]
=>0x000000000653b800 JavaThread "JDWP Transport Listener: dt_socket" daemon [_thread_in_vm, id=9164, stack(0x0000000007950000,0x0000000007a50000)]
  0x0000000006532800 JavaThread "Attach Listener" daemon [_thread_blocked, id=468, stack(0x0000000006fc0000,0x00000000070c0000)]
  0x000000000652d000 JavaThread "Signal Dispatcher" daemon [_thread_blocked, id=8768, stack(0x0000000006db0000,0x0000000006eb0000)]
  0x00000000021d8000 JavaThread "Finalizer" daemon [_thread_blocked, id=9144, stack(0x0000000006c80000,0x0000000006d80000)]
  0x00000000021d1000 JavaThread "Reference Handler" daemon [_thread_blocked, id=8708, stack(0x0000000006970000,0x0000000006a70000)]
  0x000000000032f000 JavaThread "main" [_thread_blocked, id=5884, stack(0x0000000002220000,0x0000000002320000)]

Other Threads:
  0x00000000021c7800 VMThread [stack: 0x0000000006a90000,0x0000000006b90000] [id=8424]
  0x000000000657e800 WatcherThread [stack: 0x0000000008160000,0x0000000008260000] [id=7196]

VM state:not at safepoint (normal execution)

VM Mutex/Monitor currently owned by a thread: None

Heap
 PSYoungGen      total 37952K, used 1303K [0x00000007d5ab0000, 0x00000007d8500000, 0x0000000800000000)
  eden space 32576K, 4% used [0x00000007d5ab0000,0x00000007d5bf5cb0,0x00000007d7a80000)
  from space 5376K, 0% used [0x00000007d7fc0000,0x00000007d7fc0000,0x00000007d8500000)
  to   space 5376K, 0% used [0x00000007d7a80000,0x00000007d7a80000,0x00000007d7fc0000)
 PSOldGen        total 86720K, used 0K [0x0000000781000000, 0x00000007864b0000, 0x00000007d5ab0000)
  object space 86720K, 0% used [0x0000000781000000,0x0000000781000000,0x00000007864b0000)
 PSPermGen       total 21248K, used 2541K [0x000000077be00000, 0x000000077d2c0000, 0x0000000781000000)
  object space 21248K, 11% used [0x000000077be00000,0x000000077c07b6b0,0x000000077d2c0000)

Code Cache  [0x0000000002420000, 0x0000000002690000, 0x0000000005420000)
 total_blobs=156 nmethods=0 adapters=129 free_code_cache=48778Kb largest_free_block=49949120

Dynamic libraries:
0x000000013f720000 - 0x000000013f753000 	C:\Program Files\Java\jdk1.7.0\bin\javaw.exe
0x00000000776f0000 - 0x0000000077899000 	C:\windows\SYSTEM32\ntdll.dll
0x00000000774d0000 - 0x00000000775ef000 	C:\windows\system32\kernel32.dll
0x000007fefdc20000 - 0x000007fefdc8c000 	C:\windows\system32\KERNELBASE.dll
0x000007feff550000 - 0x000007feff62b000 	C:\windows\system32\ADVAPI32.dll
0x000007feff7b0000 - 0x000007feff84f000 	C:\windows\system32\msvcrt.dll
0x000007feff530000 - 0x000007feff54f000 	C:\windows\SYSTEM32\sechost.dll
0x000007feff850000 - 0x000007feff97d000 	C:\windows\system32\RPCRT4.dll
0x00000000775f0000 - 0x00000000776ea000 	C:\windows\system32\USER32.dll
0x000007fefeeb0000 - 0x000007fefef17000 	C:\windows\system32\GDI32.dll
0x000007feff310000 - 0x000007feff31e000 	C:\windows\system32\LPK.dll
0x000007feff640000 - 0x000007feff709000 	C:\windows\system32\USP10.dll
0x000007fefc3c0000 - 0x000007fefc5b4000 	C:\windows\WinSxS\amd64_microsoft.windows.common-controls_6595b64144ccf1df_6.0.7601.17514_none_fa396087175ac9ac\COMCTL32.dll
0x000007feff980000 - 0x000007feff9f1000 	C:\windows\system32\SHLWAPI.dll
0x000007fefdf20000 - 0x000007fefdf4e000 	C:\windows\system32\IMM32.DLL
0x000007feff400000 - 0x000007feff509000 	C:\windows\system32\MSCTF.dll
0x00000000530a0000 - 0x0000000053171000 	C:\Program Files\Java\jdk1.7.0\jre\bin\msvcr100.dll
0x00000000529d0000 - 0x000000005309e000 	C:\Program Files\Java\jdk1.7.0\jre\bin\server\jvm.dll
0x000007fefa820000 - 0x000007fefa829000 	C:\windows\system32\WSOCK32.dll
0x000007fefe0d0000 - 0x000007fefe11d000 	C:\windows\system32\WS2_32.dll
0x000007feff630000 - 0x000007feff638000 	C:\windows\system32\NSI.dll
0x000007fefb860000 - 0x000007fefb89b000 	C:\windows\system32\WINMM.dll
0x00000000778c0000 - 0x00000000778c7000 	C:\windows\system32\PSAPI.DLL
0x0000000059610000 - 0x000000005961f000 	C:\Program Files\Java\jdk1.7.0\jre\bin\verify.dll
0x00000000595e0000 - 0x0000000059608000 	C:\Program Files\Java\jdk1.7.0\jre\bin\java.dll
0x0000000059190000 - 0x00000000591c5000 	C:\Program Files\Java\jdk1.7.0\jre\bin\jdwp.dll
0x00000000595d0000 - 0x00000000595d8000 	C:\Program Files\Java\jdk1.7.0\jre\bin\npt.dll
0x0000000059170000 - 0x0000000059185000 	C:\Program Files\Java\jdk1.7.0\jre\bin\zip.dll
0x0000000059620000 - 0x0000000059629000 	C:\Program Files\Java\jdk1.7.0\jre\bin\dt_socket.dll
0x000007fefab80000 - 0x000007fefab95000 	C:\windows\system32\NLAapi.dll
0x000007fef8e10000 - 0x000007fef8e25000 	C:\windows\system32\napinsp.dll
0x000007fef8e30000 - 0x000007fef8e49000 	C:\windows\system32\pnrpnsp.dll
0x000007fefd3c0000 - 0x000007fefd415000 	C:\windows\System32\mswsock.dll
0x000007fefd240000 - 0x000007fefd29b000 	C:\windows\system32\DNSAPI.dll
0x000007fef8dc0000 - 0x000007fef8dcb000 	C:\windows\System32\winrnr.dll
0x000007fef8db0000 - 0x000007fef8dc0000 	C:\windows\system32\wshbth.dll
0x00000000740c0000 - 0x00000000740e6000 	C:\Program Files\Bonjour\mdnsNSP.dll
0x000007fefa6b0000 - 0x000007fefa6d7000 	C:\windows\system32\Iphlpapi.DLL
0x000007fefa740000 - 0x000007fefa74b000 	C:\windows\system32\WINNSI.DLL
0x000007fef8de0000 - 0x000007fef8e0f000 	C:\Program Files\Common Files\Microsoft Shared\Windows Live\WLIDNSP.DLL
0x000007fefa6e0000 - 0x000007fefa733000 	C:\windows\System32\fwpuclnt.dll
0x000007fef8dd0000 - 0x000007fef8dd8000 	C:\windows\system32\rasadhlp.dll
0x000007fefcc00000 - 0x000007fefcc07000 	C:\windows\System32\wshtcpip.dll

VM Arguments:
jvm_args: -agentlib:jdwp=transport=dt_socket,suspend=y,address=localhost:54676 -Dfile.encoding=UTF-8 
java_command: br.com.abril.nds.util.export.fiscal.nota.NFEExporter
Launcher Type: SUN_STANDARD

Environment Variables:
JAVA_HOME=C:\Program Files\Java\jdk1.7.0
PATH=C:\Program Files\Java\jdk1.7.0\jre\bin;C:\Program Files\Common Files\Microsoft Shared\Windows Live;C:\Program Files (x86)\Common Files\Microsoft Shared\Windows Live;C:\Program Files\CollabNet\Subversion Client;C:\Program Files\Common Files\Microsoft Shared\Microsoft Online Services;C:\Program Files (x86)\Common Files\Microsoft Shared\Microsoft Online Services;C:\windows\system32;C:\windows;C:\windows\System32\Wbem;C:\windows\System32\WindowsPowerShell\v1.0\;C:\Program Files (x86)\Windows Live\Shared;C:\Program Files (x86)\Intel\Services\IPT\;C:\mvn\apache-maven-3.0.3\bin;C:\Oracle\oc4j_extended_101330\bin;C:\Program Files\TortoiseSVN\bin;C:\Program Files\Java\jdk1.7.0\bin;C:\Program Files\MySQL\MySQL Server 5.5\bin;C:\Lib\xmlbeans-2.5.0\bin;C:\Program Files\TortoiseGit\bin
USERNAME=fernando.teixeira
OS=Windows_NT
PROCESSOR_IDENTIFIER=Intel64 Family 6 Model 42 Stepping 7, GenuineIntel



---------------  S Y S T E M  ---------------

OS: Windows 7 , 64 bit Build 7601 Service Pack 1

CPU:total 4 (2 cores per cpu, 2 threads per core) family 6 model 42 stepping 7, cmov, cx8, fxsr, mmx, sse, sse2, sse3, ssse3, sse4.1, sse4.2, popcnt, ht

Memory: 4k page, physical 8321400k(4673884k free), swap 16640948k(12255884k free)

vm_info: Java HotSpot(TM) 64-Bit Server VM (21.0-b17) for windows-amd64 JRE (1.7.0-b147), built on Jun 27 2011 02:19:45 by "java_re" with unknown MS VC++:1600

time: Mon Jun 18 11:57:56 2012
elapsed time: 90 seconds

